<?xml version="1.0" encoding="UTF-8"?>
<testsuites>
  <testsuite name="/Users/njalibert/Downloads/AnimaLineage/backend/phpunit.xml" tests="150" assertions="410" errors="0" failures="0" skipped="6" time="2.572162">
    <testsuite name="Unit" tests="138" assertions="359" errors="0" failures="0" skipped="6" time="1.559288">
      <testsuite name="AnimalModelTest" file="/Users/njalibert/Downloads/AnimaLineage/backend/tests/Unit/AnimalModelTest.php" tests="28" assertions="77" errors="0" failures="0" skipped="1" time="0.021066">
        <testcase name="testCanEdit" file="/Users/njalibert/Downloads/AnimaLineage/backend/tests/Unit/AnimalModelTest.php" line="379" class="AnimalModelTest" classname="AnimalModelTest" assertions="3" time="0.009631"/>
        <testcase name="testCanTransfer" file="/Users/njalibert/Downloads/AnimaLineage/backend/tests/Unit/AnimalModelTest.php" line="397" class="AnimalModelTest" classname="AnimalModelTest" assertions="2" time="0.000377"/>
        <testcase name="testIdentifiantExists" file="/Users/njalibert/Downloads/AnimaLineage/backend/tests/Unit/AnimalModelTest.php" line="338" class="AnimalModelTest" classname="AnimalModelTest" assertions="0" time="0.001477">
          <skipped/>
        </testcase>
        <testcase name="testConstructor" file="/Users/njalibert/Downloads/AnimaLineage/backend/tests/Unit/AnimalModelTest.php" line="98" class="AnimalModelTest" classname="AnimalModelTest" assertions="1" time="0.000496"/>
        <testcase name="testAnimalProperties" file="/Users/njalibert/Downloads/AnimaLineage/backend/tests/Unit/AnimalModelTest.php" line="103" class="AnimalModelTest" classname="AnimalModelTest" assertions="4" time="0.000757"/>
        <testcase name="testGetByElevageId" file="/Users/njalibert/Downloads/AnimaLineage/backend/tests/Unit/AnimalModelTest.php" line="132" class="AnimalModelTest" classname="AnimalModelTest" assertions="5" time="0.000475"/>
        <testcase name="testGetByElevageIdWithInvalidId" file="/Users/njalibert/Downloads/AnimaLineage/backend/tests/Unit/AnimalModelTest.php" line="146" class="AnimalModelTest" classname="AnimalModelTest" assertions="1" time="0.000325"/>
        <testcase name="testGetVivantsByElevageId" file="/Users/njalibert/Downloads/AnimaLineage/backend/tests/Unit/AnimalModelTest.php" line="153" class="AnimalModelTest" classname="AnimalModelTest" assertions="4" time="0.000356"/>
        <testcase name="testSexeValidation" file="/Users/njalibert/Downloads/AnimaLineage/backend/tests/Unit/AnimalModelTest.php" line="168" class="AnimalModelTest" classname="AnimalModelTest" assertions="2" time="0.000532"/>
        <testcase name="testStatutDefault" file="/Users/njalibert/Downloads/AnimaLineage/backend/tests/Unit/AnimalModelTest.php" line="179" class="AnimalModelTest" classname="AnimalModelTest" assertions="1" time="0.000281"/>
        <testcase name="testForeignKeyRelationships" file="/Users/njalibert/Downloads/AnimaLineage/backend/tests/Unit/AnimalModelTest.php" line="185" class="AnimalModelTest" classname="AnimalModelTest" assertions="4" time="0.000281"/>
        <testcase name="testDateProperties" file="/Users/njalibert/Downloads/AnimaLineage/backend/tests/Unit/AnimalModelTest.php" line="199" class="AnimalModelTest" classname="AnimalModelTest" assertions="2" time="0.000295"/>
        <testcase name="testNotesProperty" file="/Users/njalibert/Downloads/AnimaLineage/backend/tests/Unit/AnimalModelTest.php" line="210" class="AnimalModelTest" classname="AnimalModelTest" assertions="1" time="0.000309"/>
        <testcase name="testDatabaseConnection" file="/Users/njalibert/Downloads/AnimaLineage/backend/tests/Unit/AnimalModelTest.php" line="218" class="AnimalModelTest" classname="AnimalModelTest" assertions="2" time="0.000274"/>
        <testcase name="testQueryExecution" file="/Users/njalibert/Downloads/AnimaLineage/backend/tests/Unit/AnimalModelTest.php" line="234" class="AnimalModelTest" classname="AnimalModelTest" assertions="1" time="0.000263"/>
        <testcase name="testGetByIdInvalid" file="/Users/njalibert/Downloads/AnimaLineage/backend/tests/Unit/AnimalModelTest.php" line="252" class="AnimalModelTest" classname="AnimalModelTest" assertions="1" time="0.000293"/>
        <testcase name="testGetByIdentifiant" file="/Users/njalibert/Downloads/AnimaLineage/backend/tests/Unit/AnimalModelTest.php" line="258" class="AnimalModelTest" classname="AnimalModelTest" assertions="3" time="0.000566"/>
        <testcase name="testGetByIdentifiantInvalid" file="/Users/njalibert/Downloads/AnimaLineage/backend/tests/Unit/AnimalModelTest.php" line="266" class="AnimalModelTest" classname="AnimalModelTest" assertions="1" time="0.000277"/>
        <testcase name="testCreate" file="/Users/njalibert/Downloads/AnimaLineage/backend/tests/Unit/AnimalModelTest.php" line="272" class="AnimalModelTest" classname="AnimalModelTest" assertions="4" time="0.000846"/>
        <testcase name="testUpdate" file="/Users/njalibert/Downloads/AnimaLineage/backend/tests/Unit/AnimalModelTest.php" line="292" class="AnimalModelTest" classname="AnimalModelTest" assertions="3" time="0.000325"/>
        <testcase name="testMarquerDeces" file="/Users/njalibert/Downloads/AnimaLineage/backend/tests/Unit/AnimalModelTest.php" line="312" class="AnimalModelTest" classname="AnimalModelTest" assertions="4" time="0.000297"/>
        <testcase name="testDelete" file="/Users/njalibert/Downloads/AnimaLineage/backend/tests/Unit/AnimalModelTest.php" line="327" class="AnimalModelTest" classname="AnimalModelTest" assertions="2" time="0.000293"/>
        <testcase name="testGetDescendants" file="/Users/njalibert/Downloads/AnimaLineage/backend/tests/Unit/AnimalModelTest.php" line="345" class="AnimalModelTest" classname="AnimalModelTest" assertions="3" time="0.000283"/>
        <testcase name="testGetStatsReproduction" file="/Users/njalibert/Downloads/AnimaLineage/backend/tests/Unit/AnimalModelTest.php" line="360" class="AnimalModelTest" classname="AnimalModelTest" assertions="7" time="0.000386"/>
        <testcase name="testGetAll" file="/Users/njalibert/Downloads/AnimaLineage/backend/tests/Unit/AnimalModelTest.php" line="116" class="AnimalModelTest" classname="AnimalModelTest" assertions="6" time="0.000291"/>
        <testcase name="testTableStructure" file="/Users/njalibert/Downloads/AnimaLineage/backend/tests/Unit/AnimalModelTest.php" line="224" class="AnimalModelTest" classname="AnimalModelTest" assertions="2" time="0.000246"/>
        <testcase name="testGetById" file="/Users/njalibert/Downloads/AnimaLineage/backend/tests/Unit/AnimalModelTest.php" line="243" class="AnimalModelTest" classname="AnimalModelTest" assertions="4" time="0.000272"/>
        <testcase name="testDataSanitization" file="/Users/njalibert/Downloads/AnimaLineage/backend/tests/Unit/AnimalModelTest.php" line="409" class="AnimalModelTest" classname="AnimalModelTest" assertions="4" time="0.000564"/>
      </testsuite>
      <testsuite name="AuthMiddlewareTest" file="/Users/njalibert/Downloads/AnimaLineage/backend/tests/Unit/AuthMiddlewareTest.php" tests="15" assertions="48" errors="0" failures="0" skipped="0" time="1.022944">
        <testcase name="testVerifyTokenWithInvalidToken" file="/Users/njalibert/Downloads/AnimaLineage/backend/tests/Unit/AuthMiddlewareTest.php" line="103" class="AuthMiddlewareTest" classname="AuthMiddlewareTest" assertions="3" time="0.001497"/>
        <testcase name="testRefreshTokenWithValidToken" file="/Users/njalibert/Downloads/AnimaLineage/backend/tests/Unit/AuthMiddlewareTest.php" line="124" class="AuthMiddlewareTest" classname="AuthMiddlewareTest" assertions="4" time="1.007021"/>
        <testcase name="testConstructor" file="/Users/njalibert/Downloads/AnimaLineage/backend/tests/Unit/AuthMiddlewareTest.php" line="49" class="AuthMiddlewareTest" classname="AuthMiddlewareTest" assertions="1" time="0.001517"/>
        <testcase name="testHasRoleWithValidRole" file="/Users/njalibert/Downloads/AnimaLineage/backend/tests/Unit/AuthMiddlewareTest.php" line="54" class="AuthMiddlewareTest" classname="AuthMiddlewareTest" assertions="3" time="0.001189"/>
        <testcase name="testHasRoleWithInvalidData" file="/Users/njalibert/Downloads/AnimaLineage/backend/tests/Unit/AuthMiddlewareTest.php" line="66" class="AuthMiddlewareTest" classname="AuthMiddlewareTest" assertions="3" time="0.001403"/>
        <testcase name="testVerifyTokenWithValidToken" file="/Users/njalibert/Downloads/AnimaLineage/backend/tests/Unit/AuthMiddlewareTest.php" line="91" class="AuthMiddlewareTest" classname="AuthMiddlewareTest" assertions="5" time="0.000882"/>
        <testcase name="testGetRoleName" file="/Users/njalibert/Downloads/AnimaLineage/backend/tests/Unit/AuthMiddlewareTest.php" line="149" class="AuthMiddlewareTest" classname="AuthMiddlewareTest" assertions="3" time="0.001076"/>
        <testcase name="testCanManageRoleAdmin" file="/Users/njalibert/Downloads/AnimaLineage/backend/tests/Unit/AuthMiddlewareTest.php" line="157" class="AuthMiddlewareTest" classname="AuthMiddlewareTest" assertions="3" time="0.000881"/>
        <testcase name="testCanManageRoleModerator" file="/Users/njalibert/Downloads/AnimaLineage/backend/tests/Unit/AuthMiddlewareTest.php" line="165" class="AuthMiddlewareTest" classname="AuthMiddlewareTest" assertions="3" time="0.000767"/>
        <testcase name="testCanManageRoleReader" file="/Users/njalibert/Downloads/AnimaLineage/backend/tests/Unit/AuthMiddlewareTest.php" line="173" class="AuthMiddlewareTest" classname="AuthMiddlewareTest" assertions="3" time="0.000694"/>
        <testcase name="testRoleHierarchy" file="/Users/njalibert/Downloads/AnimaLineage/backend/tests/Unit/AuthMiddlewareTest.php" line="181" class="AuthMiddlewareTest" classname="AuthMiddlewareTest" assertions="9" time="0.000676"/>
        <testcase name="testJWTConfiguration" file="/Users/njalibert/Downloads/AnimaLineage/backend/tests/Unit/AuthMiddlewareTest.php" line="203" class="AuthMiddlewareTest" classname="AuthMiddlewareTest" assertions="2" time="0.000655"/>
        <testcase name="testGenerateTokenWithValidData" file="/Users/njalibert/Downloads/AnimaLineage/backend/tests/Unit/AuthMiddlewareTest.php" line="79" class="AuthMiddlewareTest" classname="AuthMiddlewareTest" assertions="3" time="0.001988"/>
        <testcase name="testRefreshTokenWithInvalidToken" file="/Users/njalibert/Downloads/AnimaLineage/backend/tests/Unit/AuthMiddlewareTest.php" line="143" class="AuthMiddlewareTest" classname="AuthMiddlewareTest" assertions="2" time="0.000723"/>
        <testcase name="testVerifyTokenWithExpiredToken" file="/Users/njalibert/Downloads/AnimaLineage/backend/tests/Unit/AuthMiddlewareTest.php" line="110" class="AuthMiddlewareTest" classname="AuthMiddlewareTest" assertions="1" time="0.001975"/>
      </testsuite>
      <testsuite name="ElevageModelTest" file="/Users/njalibert/Downloads/AnimaLineage/backend/tests/Unit/ElevageModelTest.php" tests="22" assertions="53" errors="0" failures="0" skipped="1" time="0.020802">
        <testcase name="testCanNotEditAsOtherUser" file="/Users/njalibert/Downloads/AnimaLineage/backend/tests/Unit/ElevageModelTest.php" line="258" class="ElevageModelTest" classname="ElevageModelTest" assertions="1" time="0.001271"/>
        <testcase name="testGetStats" file="/Users/njalibert/Downloads/AnimaLineage/backend/tests/Unit/ElevageModelTest.php" line="309" class="ElevageModelTest" classname="ElevageModelTest" assertions="0" time="0.001004">
          <skipped/>
        </testcase>
        <testcase name="testConstructor" file="/Users/njalibert/Downloads/AnimaLineage/backend/tests/Unit/ElevageModelTest.php" line="135" class="ElevageModelTest" classname="ElevageModelTest" assertions="1" time="0.000925"/>
        <testcase name="testElevageProperties" file="/Users/njalibert/Downloads/AnimaLineage/backend/tests/Unit/ElevageModelTest.php" line="140" class="ElevageModelTest" classname="ElevageModelTest" assertions="4" time="0.000884"/>
        <testcase name="testGetAll" file="/Users/njalibert/Downloads/AnimaLineage/backend/tests/Unit/ElevageModelTest.php" line="153" class="ElevageModelTest" classname="ElevageModelTest" assertions="4" time="0.000942"/>
        <testcase name="testGetByUserId" file="/Users/njalibert/Downloads/AnimaLineage/backend/tests/Unit/ElevageModelTest.php" line="167" class="ElevageModelTest" classname="ElevageModelTest" assertions="3" time="0.001202"/>
        <testcase name="testGetByUserIdInvalid" file="/Users/njalibert/Downloads/AnimaLineage/backend/tests/Unit/ElevageModelTest.php" line="177" class="ElevageModelTest" classname="ElevageModelTest" assertions="1" time="0.000928"/>
        <testcase name="testGetById" file="/Users/njalibert/Downloads/AnimaLineage/backend/tests/Unit/ElevageModelTest.php" line="184" class="ElevageModelTest" classname="ElevageModelTest" assertions="3" time="0.000934"/>
        <testcase name="testGetByIdInvalid" file="/Users/njalibert/Downloads/AnimaLineage/backend/tests/Unit/ElevageModelTest.php" line="192" class="ElevageModelTest" classname="ElevageModelTest" assertions="1" time="0.000932"/>
        <testcase name="testCreate" file="/Users/njalibert/Downloads/AnimaLineage/backend/tests/Unit/ElevageModelTest.php" line="198" class="ElevageModelTest" classname="ElevageModelTest" assertions="4" time="0.001031"/>
        <testcase name="testUpdate" file="/Users/njalibert/Downloads/AnimaLineage/backend/tests/Unit/ElevageModelTest.php" line="215" class="ElevageModelTest" classname="ElevageModelTest" assertions="4" time="0.000908"/>
        <testcase name="testDelete" file="/Users/njalibert/Downloads/AnimaLineage/backend/tests/Unit/ElevageModelTest.php" line="233" class="ElevageModelTest" classname="ElevageModelTest" assertions="2" time="0.000891"/>
        <testcase name="testCanEditAsAdmin" file="/Users/njalibert/Downloads/AnimaLineage/backend/tests/Unit/ElevageModelTest.php" line="244" class="ElevageModelTest" classname="ElevageModelTest" assertions="1" time="0.000824"/>
        <testcase name="testCanEditAsOwner" file="/Users/njalibert/Downloads/AnimaLineage/backend/tests/Unit/ElevageModelTest.php" line="251" class="ElevageModelTest" classname="ElevageModelTest" assertions="1" time="0.000917"/>
        <testcase name="testSetRaces" file="/Users/njalibert/Downloads/AnimaLineage/backend/tests/Unit/ElevageModelTest.php" line="265" class="ElevageModelTest" classname="ElevageModelTest" assertions="4" time="0.000936"/>
        <testcase name="testSetRacesEmpty" file="/Users/njalibert/Downloads/AnimaLineage/backend/tests/Unit/ElevageModelTest.php" line="283" class="ElevageModelTest" classname="ElevageModelTest" assertions="2" time="0.000915"/>
        <testcase name="testGetRaces" file="/Users/njalibert/Downloads/AnimaLineage/backend/tests/Unit/ElevageModelTest.php" line="295" class="ElevageModelTest" classname="ElevageModelTest" assertions="4" time="0.000903"/>
        <testcase name="testDataSanitization" file="/Users/njalibert/Downloads/AnimaLineage/backend/tests/Unit/ElevageModelTest.php" line="315" class="ElevageModelTest" classname="ElevageModelTest" assertions="4" time="0.000881"/>
        <testcase name="testDatabaseConnection" file="/Users/njalibert/Downloads/AnimaLineage/backend/tests/Unit/ElevageModelTest.php" line="331" class="ElevageModelTest" classname="ElevageModelTest" assertions="2" time="0.000852"/>
        <testcase name="testTableStructure" file="/Users/njalibert/Downloads/AnimaLineage/backend/tests/Unit/ElevageModelTest.php" line="337" class="ElevageModelTest" classname="ElevageModelTest" assertions="2" time="0.000846"/>
        <testcase name="testForeignKeyRelationships" file="/Users/njalibert/Downloads/AnimaLineage/backend/tests/Unit/ElevageModelTest.php" line="347" class="ElevageModelTest" classname="ElevageModelTest" assertions="3" time="0.000886"/>
        <testcase name="testCanEditAsCollaborator" file="/Users/njalibert/Downloads/AnimaLineage/backend/tests/Unit/ElevageModelTest.php" line="362" class="ElevageModelTest" classname="ElevageModelTest" assertions="2" time="0.000992"/>
      </testsuite>
      <testsuite name="RaceModelTest" file="/Users/njalibert/Downloads/AnimaLineage/backend/tests/Unit/RaceModelTest.php" tests="20" assertions="47" errors="0" failures="0" skipped="2" time="0.013792">
        <testcase name="testCreateWithoutOptionalFields" file="/Users/njalibert/Downloads/AnimaLineage/backend/tests/Unit/RaceModelTest.php" line="159" class="RaceModelTest" classname="RaceModelTest" assertions="3" time="0.000797"/>
        <testcase name="testNomExists" file="/Users/njalibert/Downloads/AnimaLineage/backend/tests/Unit/RaceModelTest.php" line="201" class="RaceModelTest" classname="RaceModelTest" assertions="0" time="0.000763">
          <skipped/>
        </testcase>
        <testcase name="testNomExistsExcludingSelf" file="/Users/njalibert/Downloads/AnimaLineage/backend/tests/Unit/RaceModelTest.php" line="207" class="RaceModelTest" classname="RaceModelTest" assertions="0" time="0.000670">
          <skipped/>
        </testcase>
        <testcase name="testConstructor" file="/Users/njalibert/Downloads/AnimaLineage/backend/tests/Unit/RaceModelTest.php" line="77" class="RaceModelTest" classname="RaceModelTest" assertions="1" time="0.000929"/>
        <testcase name="testRaceProperties" file="/Users/njalibert/Downloads/AnimaLineage/backend/tests/Unit/RaceModelTest.php" line="82" class="RaceModelTest" classname="RaceModelTest" assertions="3" time="0.000672"/>
        <testcase name="testGetAll" file="/Users/njalibert/Downloads/AnimaLineage/backend/tests/Unit/RaceModelTest.php" line="93" class="RaceModelTest" classname="RaceModelTest" assertions="4" time="0.000742"/>
        <testcase name="testGetByType" file="/Users/njalibert/Downloads/AnimaLineage/backend/tests/Unit/RaceModelTest.php" line="107" class="RaceModelTest" classname="RaceModelTest" assertions="4" time="0.000667"/>
        <testcase name="testGetByTypeInvalid" file="/Users/njalibert/Downloads/AnimaLineage/backend/tests/Unit/RaceModelTest.php" line="121" class="RaceModelTest" classname="RaceModelTest" assertions="1" time="0.000684"/>
        <testcase name="testGetById" file="/Users/njalibert/Downloads/AnimaLineage/backend/tests/Unit/RaceModelTest.php" line="128" class="RaceModelTest" classname="RaceModelTest" assertions="4" time="0.000676"/>
        <testcase name="testGetByIdInvalid" file="/Users/njalibert/Downloads/AnimaLineage/backend/tests/Unit/RaceModelTest.php" line="137" class="RaceModelTest" classname="RaceModelTest" assertions="1" time="0.000643"/>
        <testcase name="testCreate" file="/Users/njalibert/Downloads/AnimaLineage/backend/tests/Unit/RaceModelTest.php" line="143" class="RaceModelTest" classname="RaceModelTest" assertions="4" time="0.000655"/>
        <testcase name="testUpdate" file="/Users/njalibert/Downloads/AnimaLineage/backend/tests/Unit/RaceModelTest.php" line="174" class="RaceModelTest" classname="RaceModelTest" assertions="3" time="0.000688"/>
        <testcase name="testDelete" file="/Users/njalibert/Downloads/AnimaLineage/backend/tests/Unit/RaceModelTest.php" line="190" class="RaceModelTest" classname="RaceModelTest" assertions="2" time="0.000683"/>
        <testcase name="testDataSanitization" file="/Users/njalibert/Downloads/AnimaLineage/backend/tests/Unit/RaceModelTest.php" line="213" class="RaceModelTest" classname="RaceModelTest" assertions="3" time="0.000638"/>
        <testcase name="testForeignKeyRelationship" file="/Users/njalibert/Downloads/AnimaLineage/backend/tests/Unit/RaceModelTest.php" line="227" class="RaceModelTest" classname="RaceModelTest" assertions="3" time="0.000651"/>
        <testcase name="testGetAllSorting" file="/Users/njalibert/Downloads/AnimaLineage/backend/tests/Unit/RaceModelTest.php" line="241" class="RaceModelTest" classname="RaceModelTest" assertions="4" time="0.000637"/>
        <testcase name="testGetByTypeSorting" file="/Users/njalibert/Downloads/AnimaLineage/backend/tests/Unit/RaceModelTest.php" line="253" class="RaceModelTest" classname="RaceModelTest" assertions="2" time="0.000653"/>
        <testcase name="testDatabaseConnection" file="/Users/njalibert/Downloads/AnimaLineage/backend/tests/Unit/RaceModelTest.php" line="263" class="RaceModelTest" classname="RaceModelTest" assertions="2" time="0.000666"/>
        <testcase name="testTableStructure" file="/Users/njalibert/Downloads/AnimaLineage/backend/tests/Unit/RaceModelTest.php" line="269" class="RaceModelTest" classname="RaceModelTest" assertions="2" time="0.000637"/>
        <testcase name="testQueryExecution" file="/Users/njalibert/Downloads/AnimaLineage/backend/tests/Unit/RaceModelTest.php" line="279" class="RaceModelTest" classname="RaceModelTest" assertions="1" time="0.000640"/>
      </testsuite>
      <testsuite name="TypeAnimalModelTest" file="/Users/njalibert/Downloads/AnimaLineage/backend/tests/Unit/TypeAnimalModelTest.php" tests="22" assertions="48" errors="0" failures="0" skipped="2" time="0.013742">
        <testcase name="testRequiredFields" file="/Users/njalibert/Downloads/AnimaLineage/backend/tests/Unit/TypeAnimalModelTest.php" line="229" class="TypeAnimalModelTest" classname="TypeAnimalModelTest" assertions="1" time="0.000694"/>
        <testcase name="testEmptyDescription" file="/Users/njalibert/Downloads/AnimaLineage/backend/tests/Unit/TypeAnimalModelTest.php" line="297" class="TypeAnimalModelTest" classname="TypeAnimalModelTest" assertions="3" time="0.000685"/>
        <testcase name="testNomExists" file="/Users/njalibert/Downloads/AnimaLineage/backend/tests/Unit/TypeAnimalModelTest.php" line="173" class="TypeAnimalModelTest" classname="TypeAnimalModelTest" assertions="0" time="0.000649">
          <skipped/>
        </testcase>
        <testcase name="testUniqueConstraint" file="/Users/njalibert/Downloads/AnimaLineage/backend/tests/Unit/TypeAnimalModelTest.php" line="239" class="TypeAnimalModelTest" classname="TypeAnimalModelTest" assertions="0" time="0.000909">
          <skipped/>
        </testcase>
        <testcase name="testConstructor" file="/Users/njalibert/Downloads/AnimaLineage/backend/tests/Unit/TypeAnimalModelTest.php" line="77" class="TypeAnimalModelTest" classname="TypeAnimalModelTest" assertions="1" time="0.000602"/>
        <testcase name="testTypeAnimalProperties" file="/Users/njalibert/Downloads/AnimaLineage/backend/tests/Unit/TypeAnimalModelTest.php" line="82" class="TypeAnimalModelTest" classname="TypeAnimalModelTest" assertions="2" time="0.000592"/>
        <testcase name="testGetAll" file="/Users/njalibert/Downloads/AnimaLineage/backend/tests/Unit/TypeAnimalModelTest.php" line="91" class="TypeAnimalModelTest" classname="TypeAnimalModelTest" assertions="5" time="0.000606"/>
        <testcase name="testGetById" file="/Users/njalibert/Downloads/AnimaLineage/backend/tests/Unit/TypeAnimalModelTest.php" line="105" class="TypeAnimalModelTest" classname="TypeAnimalModelTest" assertions="3" time="0.000608"/>
        <testcase name="testGetByIdInvalid" file="/Users/njalibert/Downloads/AnimaLineage/backend/tests/Unit/TypeAnimalModelTest.php" line="113" class="TypeAnimalModelTest" classname="TypeAnimalModelTest" assertions="1" time="0.000585"/>
        <testcase name="testCreate" file="/Users/njalibert/Downloads/AnimaLineage/backend/tests/Unit/TypeAnimalModelTest.php" line="119" class="TypeAnimalModelTest" classname="TypeAnimalModelTest" assertions="4" time="0.000607"/>
        <testcase name="testCreateWithoutDescription" file="/Users/njalibert/Downloads/AnimaLineage/backend/tests/Unit/TypeAnimalModelTest.php" line="134" class="TypeAnimalModelTest" classname="TypeAnimalModelTest" assertions="3" time="0.000607"/>
        <testcase name="testUpdate" file="/Users/njalibert/Downloads/AnimaLineage/backend/tests/Unit/TypeAnimalModelTest.php" line="147" class="TypeAnimalModelTest" classname="TypeAnimalModelTest" assertions="3" time="0.000612"/>
        <testcase name="testDelete" file="/Users/njalibert/Downloads/AnimaLineage/backend/tests/Unit/TypeAnimalModelTest.php" line="162" class="TypeAnimalModelTest" classname="TypeAnimalModelTest" assertions="2" time="0.000591"/>
        <testcase name="testGetRaces" file="/Users/njalibert/Downloads/AnimaLineage/backend/tests/Unit/TypeAnimalModelTest.php" line="179" class="TypeAnimalModelTest" classname="TypeAnimalModelTest" assertions="4" time="0.000602"/>
        <testcase name="testGetRacesEmpty" file="/Users/njalibert/Downloads/AnimaLineage/backend/tests/Unit/TypeAnimalModelTest.php" line="193" class="TypeAnimalModelTest" classname="TypeAnimalModelTest" assertions="1" time="0.000619"/>
        <testcase name="testGetRacesSorting" file="/Users/njalibert/Downloads/AnimaLineage/backend/tests/Unit/TypeAnimalModelTest.php" line="205" class="TypeAnimalModelTest" classname="TypeAnimalModelTest" assertions="2" time="0.000592"/>
        <testcase name="testDataSanitization" file="/Users/njalibert/Downloads/AnimaLineage/backend/tests/Unit/TypeAnimalModelTest.php" line="216" class="TypeAnimalModelTest" classname="TypeAnimalModelTest" assertions="3" time="0.000588"/>
        <testcase name="testForeignKeyRelationship" file="/Users/njalibert/Downloads/AnimaLineage/backend/tests/Unit/TypeAnimalModelTest.php" line="245" class="TypeAnimalModelTest" classname="TypeAnimalModelTest" assertions="3" time="0.000612"/>
        <testcase name="testDatabaseConnection" file="/Users/njalibert/Downloads/AnimaLineage/backend/tests/Unit/TypeAnimalModelTest.php" line="257" class="TypeAnimalModelTest" classname="TypeAnimalModelTest" assertions="2" time="0.000594"/>
        <testcase name="testTableStructure" file="/Users/njalibert/Downloads/AnimaLineage/backend/tests/Unit/TypeAnimalModelTest.php" line="263" class="TypeAnimalModelTest" classname="TypeAnimalModelTest" assertions="2" time="0.000577"/>
        <testcase name="testQueryExecution" file="/Users/njalibert/Downloads/AnimaLineage/backend/tests/Unit/TypeAnimalModelTest.php" line="273" class="TypeAnimalModelTest" classname="TypeAnimalModelTest" assertions="1" time="0.000590"/>
        <testcase name="testGetAllSorting" file="/Users/njalibert/Downloads/AnimaLineage/backend/tests/Unit/TypeAnimalModelTest.php" line="282" class="TypeAnimalModelTest" classname="TypeAnimalModelTest" assertions="2" time="0.000620"/>
      </testsuite>
      <testsuite name="BasicTest" file="/Users/njalibert/Downloads/AnimaLineage/backend/tests/Unit/BasicTest.php" tests="5" assertions="10" errors="0" failures="0" skipped="0" time="0.005929">
        <testcase name="testEnvironmentVariables" file="/Users/njalibert/Downloads/AnimaLineage/backend/tests/Unit/BasicTest.php" line="15" class="BasicTest" classname="BasicTest" assertions="3" time="0.000468"/>
        <testcase name="testAutoloader" file="/Users/njalibert/Downloads/AnimaLineage/backend/tests/Unit/BasicTest.php" line="22" class="BasicTest" classname="BasicTest" assertions="1" time="0.000721"/>
        <testcase name="testDatabaseConnection" file="/Users/njalibert/Downloads/AnimaLineage/backend/tests/Unit/BasicTest.php" line="27" class="BasicTest" classname="BasicTest" assertions="1" time="0.000422"/>
        <testcase name="testJWTSecret" file="/Users/njalibert/Downloads/AnimaLineage/backend/tests/Unit/BasicTest.php" line="37" class="BasicTest" classname="BasicTest" assertions="3" time="0.003859"/>
        <testcase name="testPHPVersion" file="/Users/njalibert/Downloads/AnimaLineage/backend/tests/Unit/BasicTest.php" line="10" class="BasicTest" classname="BasicTest" assertions="2" time="0.000458"/>
      </testsuite>
      <testsuite name="ElevageFilteringTest" file="/Users/njalibert/Downloads/AnimaLineage/backend/tests/Unit/ElevageFilteringTest.php" tests="4" assertions="19" errors="0" failures="0" skipped="0" time="0.003587">
        <testcase name="testGetElevagesForUserMethod" file="/Users/njalibert/Downloads/AnimaLineage/backend/tests/Unit/ElevageFilteringTest.php" line="138" class="ElevageFilteringTest" classname="ElevageFilteringTest" assertions="5" time="0.001043"/>
        <testcase name="testGetElevagesForRegularUser" file="/Users/njalibert/Downloads/AnimaLineage/backend/tests/Unit/ElevageFilteringTest.php" line="162" class="ElevageFilteringTest" classname="ElevageFilteringTest" assertions="5" time="0.000864"/>
        <testcase name="testGetElevagesForUserWithoutCollaboration" file="/Users/njalibert/Downloads/AnimaLineage/backend/tests/Unit/ElevageFilteringTest.php" line="185" class="ElevageFilteringTest" classname="ElevageFilteringTest" assertions="5" time="0.000841"/>
        <testcase name="testQueryStructure" file="/Users/njalibert/Downloads/AnimaLineage/backend/tests/Unit/ElevageFilteringTest.php" line="207" class="ElevageFilteringTest" classname="ElevageFilteringTest" assertions="4" time="0.000840"/>
      </testsuite>
      <testsuite name="TransferRequestModelTest" file="/Users/njalibert/Downloads/AnimaLineage/backend/tests/Unit/TransferRequestModelTest.php" tests="17" assertions="45" errors="0" failures="0" skipped="0" time="0.012446">
        <testcase name="testConstructor" file="/Users/njalibert/Downloads/AnimaLineage/backend/tests/Unit/TransferRequestModelTest.php" line="114" class="TransferRequestModelTest" classname="TransferRequestModelTest" assertions="1" time="0.000734"/>
        <testcase name="testTableCreation" file="/Users/njalibert/Downloads/AnimaLineage/backend/tests/Unit/TransferRequestModelTest.php" line="119" class="TransferRequestModelTest" classname="TransferRequestModelTest" assertions="2" time="0.000735"/>
        <testcase name="testTransferRequestProperties" file="/Users/njalibert/Downloads/AnimaLineage/backend/tests/Unit/TransferRequestModelTest.php" line="129" class="TransferRequestModelTest" classname="TransferRequestModelTest" assertions="5" time="0.000671"/>
        <testcase name="testCreate" file="/Users/njalibert/Downloads/AnimaLineage/backend/tests/Unit/TransferRequestModelTest.php" line="144" class="TransferRequestModelTest" classname="TransferRequestModelTest" assertions="5" time="0.000739"/>
        <testcase name="testCreateWithNullFromElevage" file="/Users/njalibert/Downloads/AnimaLineage/backend/tests/Unit/TransferRequestModelTest.php" line="163" class="TransferRequestModelTest" classname="TransferRequestModelTest" assertions="3" time="0.000717"/>
        <testcase name="testGetById" file="/Users/njalibert/Downloads/AnimaLineage/backend/tests/Unit/TransferRequestModelTest.php" line="180" class="TransferRequestModelTest" classname="TransferRequestModelTest" assertions="6" time="0.000720"/>
        <testcase name="testGetByIdInvalid" file="/Users/njalibert/Downloads/AnimaLineage/backend/tests/Unit/TransferRequestModelTest.php" line="200" class="TransferRequestModelTest" classname="TransferRequestModelTest" assertions="1" time="0.000675"/>
        <testcase name="testGetByUserAsAdmin" file="/Users/njalibert/Downloads/AnimaLineage/backend/tests/Unit/TransferRequestModelTest.php" line="206" class="TransferRequestModelTest" classname="TransferRequestModelTest" assertions="1" time="0.000728"/>
        <testcase name="testGetByUserAsModerator" file="/Users/njalibert/Downloads/AnimaLineage/backend/tests/Unit/TransferRequestModelTest.php" line="218" class="TransferRequestModelTest" classname="TransferRequestModelTest" assertions="1" time="0.000783"/>
        <testcase name="testProcess" file="/Users/njalibert/Downloads/AnimaLineage/backend/tests/Unit/TransferRequestModelTest.php" line="230" class="TransferRequestModelTest" classname="TransferRequestModelTest" assertions="4" time="0.001056"/>
        <testcase name="testProcessReject" file="/Users/njalibert/Downloads/AnimaLineage/backend/tests/Unit/TransferRequestModelTest.php" line="253" class="TransferRequestModelTest" classname="TransferRequestModelTest" assertions="3" time="0.000721"/>
        <testcase name="testSimilarRequestExists" file="/Users/njalibert/Downloads/AnimaLineage/backend/tests/Unit/TransferRequestModelTest.php" line="275" class="TransferRequestModelTest" classname="TransferRequestModelTest" assertions="3" time="0.000722"/>
        <testcase name="testSimilarRequestExistsProcessed" file="/Users/njalibert/Downloads/AnimaLineage/backend/tests/Unit/TransferRequestModelTest.php" line="298" class="TransferRequestModelTest" classname="TransferRequestModelTest" assertions="1" time="0.000691"/>
        <testcase name="testDefaultStatus" file="/Users/njalibert/Downloads/AnimaLineage/backend/tests/Unit/TransferRequestModelTest.php" line="316" class="TransferRequestModelTest" classname="TransferRequestModelTest" assertions="1" time="0.000697"/>
        <testcase name="testForeignKeyRelationships" file="/Users/njalibert/Downloads/AnimaLineage/backend/tests/Unit/TransferRequestModelTest.php" line="329" class="TransferRequestModelTest" classname="TransferRequestModelTest" assertions="5" time="0.000714"/>
        <testcase name="testDatabaseConnection" file="/Users/njalibert/Downloads/AnimaLineage/backend/tests/Unit/TransferRequestModelTest.php" line="348" class="TransferRequestModelTest" classname="TransferRequestModelTest" assertions="2" time="0.000665"/>
        <testcase name="testQueryExecution" file="/Users/njalibert/Downloads/AnimaLineage/backend/tests/Unit/TransferRequestModelTest.php" line="354" class="TransferRequestModelTest" classname="TransferRequestModelTest" assertions="1" time="0.000677"/>
      </testsuite>
      <testsuite name="UserModelTest" file="/Users/njalibert/Downloads/AnimaLineage/backend/tests/Unit/UserModelTest.php" tests="5" assertions="12" errors="0" failures="0" skipped="0" time="0.444979">
        <testcase name="testUserTableCreation" file="/Users/njalibert/Downloads/AnimaLineage/backend/tests/Unit/UserModelTest.php" line="35" class="UserModelTest" classname="UserModelTest" assertions="2" time="0.000552"/>
        <testcase name="testUserConstants" file="/Users/njalibert/Downloads/AnimaLineage/backend/tests/Unit/UserModelTest.php" line="45" class="UserModelTest" classname="UserModelTest" assertions="3" time="0.000534"/>
        <testcase name="testUserProperties" file="/Users/njalibert/Downloads/AnimaLineage/backend/tests/Unit/UserModelTest.php" line="52" class="UserModelTest" classname="UserModelTest" assertions="3" time="0.000541"/>
        <testcase name="testDatabaseConnection" file="/Users/njalibert/Downloads/AnimaLineage/backend/tests/Unit/UserModelTest.php" line="63" class="UserModelTest" classname="UserModelTest" assertions="2" time="0.000502"/>
        <testcase name="testPasswordHashing" file="/Users/njalibert/Downloads/AnimaLineage/backend/tests/Unit/UserModelTest.php" line="69" class="UserModelTest" classname="UserModelTest" assertions="2" time="0.442851"/>
      </testsuite>
    </testsuite>
    <testsuite name="Integration" tests="12" assertions="51" errors="0" failures="0" skipped="0" time="1.012874">
      <testsuite name="APIHealthTest" file="/Users/njalibert/Downloads/AnimaLineage/backend/tests/Integration/APIHealthTest.php" tests="5" assertions="9" errors="0" failures="0" skipped="0" time="0.002189">
        <testcase name="testRootEndpointStructure" file="/Users/njalibert/Downloads/AnimaLineage/backend/tests/Integration/APIHealthTest.php" line="10" class="APIHealthTest" classname="APIHealthTest" assertions="2" time="0.000465"/>
        <testcase name="testJWTConfiguration" file="/Users/njalibert/Downloads/AnimaLineage/backend/tests/Integration/APIHealthTest.php" line="17" class="APIHealthTest" classname="APIHealthTest" assertions="2" time="0.000418"/>
        <testcase name="testDatabaseConfiguration" file="/Users/njalibert/Downloads/AnimaLineage/backend/tests/Integration/APIHealthTest.php" line="23" class="APIHealthTest" classname="APIHealthTest" assertions="2" time="0.000499"/>
        <testcase name="testErrorHandling" file="/Users/njalibert/Downloads/AnimaLineage/backend/tests/Integration/APIHealthTest.php" line="29" class="APIHealthTest" classname="APIHealthTest" assertions="1" time="0.000413"/>
        <testcase name="testEnvironmentSeparation" file="/Users/njalibert/Downloads/AnimaLineage/backend/tests/Integration/APIHealthTest.php" line="35" class="APIHealthTest" classname="APIHealthTest" assertions="2" time="0.000394"/>
      </testsuite>
      <testsuite name="AuthMiddlewareIntegrationTest" file="/Users/njalibert/Downloads/AnimaLineage/backend/tests/Integration/AuthMiddlewareIntegrationTest.php" tests="7" assertions="42" errors="0" failures="0" skipped="0" time="1.010685">
        <testcase name="testFullAuthenticationWorkflow" file="/Users/njalibert/Downloads/AnimaLineage/backend/tests/Integration/AuthMiddlewareIntegrationTest.php" line="62" class="AuthMiddlewareIntegrationTest" classname="AuthMiddlewareIntegrationTest" assertions="8" time="0.000697"/>
        <testcase name="testRoleBasedAccessControl" file="/Users/njalibert/Downloads/AnimaLineage/backend/tests/Integration/AuthMiddlewareIntegrationTest.php" line="112" class="AuthMiddlewareIntegrationTest" classname="AuthMiddlewareIntegrationTest" assertions="9" time="0.000569"/>
        <testcase name="testInvalidAuthorizationHeaders" file="/Users/njalibert/Downloads/AnimaLineage/backend/tests/Integration/AuthMiddlewareIntegrationTest.php" line="137" class="AuthMiddlewareIntegrationTest" classname="AuthMiddlewareIntegrationTest" assertions="4" time="0.000508"/>
        <testcase name="testGetCurrentUser" file="/Users/njalibert/Downloads/AnimaLineage/backend/tests/Integration/AuthMiddlewareIntegrationTest.php" line="156" class="AuthMiddlewareIntegrationTest" classname="AuthMiddlewareIntegrationTest" assertions="3" time="0.000492"/>
        <testcase name="testRoleManagementScenarios" file="/Users/njalibert/Downloads/AnimaLineage/backend/tests/Integration/AuthMiddlewareIntegrationTest.php" line="172" class="AuthMiddlewareIntegrationTest" classname="AuthMiddlewareIntegrationTest" assertions="9" time="0.000479"/>
        <testcase name="testSecurityEdgeCases" file="/Users/njalibert/Downloads/AnimaLineage/backend/tests/Integration/AuthMiddlewareIntegrationTest.php" line="190" class="AuthMiddlewareIntegrationTest" classname="AuthMiddlewareIntegrationTest" assertions="4" time="0.001515"/>
        <testcase name="testTokenRefreshWorkflow" file="/Users/njalibert/Downloads/AnimaLineage/backend/tests/Integration/AuthMiddlewareIntegrationTest.php" line="87" class="AuthMiddlewareIntegrationTest" classname="AuthMiddlewareIntegrationTest" assertions="5" time="1.006426"/>
      </testsuite>
    </testsuite>
  </testsuite>
</testsuites>
