<?xml version="1.0" encoding="UTF-8"?>
<testsuites>
  <testsuite name="/Users/njalibert/Downloads/AnimaLineage/backend/phpunit.xml" tests="150" assertions="410" errors="0" failures="0" skipped="6" time="2.576683">
    <testsuite name="Unit" tests="138" assertions="359" errors="0" failures="0" skipped="6" time="1.562373">
      <testsuite name="AnimalModelTest" file="/Users/njalibert/Downloads/AnimaLineage/backend/tests/Unit/AnimalModelTest.php" tests="28" assertions="77" errors="0" failures="0" skipped="1" time="0.023385">
        <testcase name="testGetAll" file="/Users/njalibert/Downloads/AnimaLineage/backend/tests/Unit/AnimalModelTest.php" line="130" class="AnimalModelTest" classname="AnimalModelTest" assertions="6" time="0.007606"/>
        <testcase name="testGetByElevageIdWithInvalidId" file="/Users/njalibert/Downloads/AnimaLineage/backend/tests/Unit/AnimalModelTest.php" line="160" class="AnimalModelTest" classname="AnimalModelTest" assertions="1" time="0.000587"/>
        <testcase name="testGetVivantsByElevageId" file="/Users/njalibert/Downloads/AnimaLineage/backend/tests/Unit/AnimalModelTest.php" line="167" class="AnimalModelTest" classname="AnimalModelTest" assertions="4" time="0.000502"/>
        <testcase name="testGetById" file="/Users/njalibert/Downloads/AnimaLineage/backend/tests/Unit/AnimalModelTest.php" line="257" class="AnimalModelTest" classname="AnimalModelTest" assertions="4" time="0.000761"/>
        <testcase name="testGetByIdInvalid" file="/Users/njalibert/Downloads/AnimaLineage/backend/tests/Unit/AnimalModelTest.php" line="266" class="AnimalModelTest" classname="AnimalModelTest" assertions="1" time="0.000583"/>
        <testcase name="testGetByIdentifiant" file="/Users/njalibert/Downloads/AnimaLineage/backend/tests/Unit/AnimalModelTest.php" line="272" class="AnimalModelTest" classname="AnimalModelTest" assertions="3" time="0.000382"/>
        <testcase name="testGetByIdentifiantInvalid" file="/Users/njalibert/Downloads/AnimaLineage/backend/tests/Unit/AnimalModelTest.php" line="280" class="AnimalModelTest" classname="AnimalModelTest" assertions="1" time="0.000374"/>
        <testcase name="testCreate" file="/Users/njalibert/Downloads/AnimaLineage/backend/tests/Unit/AnimalModelTest.php" line="286" class="AnimalModelTest" classname="AnimalModelTest" assertions="4" time="0.001679"/>
        <testcase name="testUpdate" file="/Users/njalibert/Downloads/AnimaLineage/backend/tests/Unit/AnimalModelTest.php" line="306" class="AnimalModelTest" classname="AnimalModelTest" assertions="3" time="0.000554"/>
        <testcase name="testDelete" file="/Users/njalibert/Downloads/AnimaLineage/backend/tests/Unit/AnimalModelTest.php" line="342" class="AnimalModelTest" classname="AnimalModelTest" assertions="2" time="0.000459"/>
        <testcase name="testGetDescendants" file="/Users/njalibert/Downloads/AnimaLineage/backend/tests/Unit/AnimalModelTest.php" line="360" class="AnimalModelTest" classname="AnimalModelTest" assertions="3" time="0.000473"/>
        <testcase name="testCanEdit" file="/Users/njalibert/Downloads/AnimaLineage/backend/tests/Unit/AnimalModelTest.php" line="394" class="AnimalModelTest" classname="AnimalModelTest" assertions="3" time="0.000415"/>
        <testcase name="testCanTransfer" file="/Users/njalibert/Downloads/AnimaLineage/backend/tests/Unit/AnimalModelTest.php" line="412" class="AnimalModelTest" classname="AnimalModelTest" assertions="2" time="0.000410"/>
        <testcase name="testDataSanitization" file="/Users/njalibert/Downloads/AnimaLineage/backend/tests/Unit/AnimalModelTest.php" line="424" class="AnimalModelTest" classname="AnimalModelTest" assertions="4" time="0.000816"/>
        <testcase name="testGetByElevageId" file="/Users/njalibert/Downloads/AnimaLineage/backend/tests/Unit/AnimalModelTest.php" line="146" class="AnimalModelTest" classname="AnimalModelTest" assertions="5" time="0.000533"/>
        <testcase name="testMarquerDeces" file="/Users/njalibert/Downloads/AnimaLineage/backend/tests/Unit/AnimalModelTest.php" line="326" class="AnimalModelTest" classname="AnimalModelTest" assertions="4" time="0.000968"/>
        <testcase name="testIdentifiantExists" file="/Users/njalibert/Downloads/AnimaLineage/backend/tests/Unit/AnimalModelTest.php" line="353" class="AnimalModelTest" classname="AnimalModelTest" assertions="0" time="0.001411">
          <skipped/>
        </testcase>
        <testcase name="testConstructor" file="/Users/njalibert/Downloads/AnimaLineage/backend/tests/Unit/AnimalModelTest.php" line="112" class="AnimalModelTest" classname="AnimalModelTest" assertions="1" time="0.000418"/>
        <testcase name="testAnimalProperties" file="/Users/njalibert/Downloads/AnimaLineage/backend/tests/Unit/AnimalModelTest.php" line="117" class="AnimalModelTest" classname="AnimalModelTest" assertions="4" time="0.000418"/>
        <testcase name="testSexeValidation" file="/Users/njalibert/Downloads/AnimaLineage/backend/tests/Unit/AnimalModelTest.php" line="182" class="AnimalModelTest" classname="AnimalModelTest" assertions="2" time="0.000862"/>
        <testcase name="testStatutDefault" file="/Users/njalibert/Downloads/AnimaLineage/backend/tests/Unit/AnimalModelTest.php" line="193" class="AnimalModelTest" classname="AnimalModelTest" assertions="1" time="0.000358"/>
        <testcase name="testForeignKeyRelationships" file="/Users/njalibert/Downloads/AnimaLineage/backend/tests/Unit/AnimalModelTest.php" line="199" class="AnimalModelTest" classname="AnimalModelTest" assertions="4" time="0.000371"/>
        <testcase name="testDateProperties" file="/Users/njalibert/Downloads/AnimaLineage/backend/tests/Unit/AnimalModelTest.php" line="213" class="AnimalModelTest" classname="AnimalModelTest" assertions="2" time="0.000373"/>
        <testcase name="testNotesProperty" file="/Users/njalibert/Downloads/AnimaLineage/backend/tests/Unit/AnimalModelTest.php" line="224" class="AnimalModelTest" classname="AnimalModelTest" assertions="1" time="0.000414"/>
        <testcase name="testDatabaseConnection" file="/Users/njalibert/Downloads/AnimaLineage/backend/tests/Unit/AnimalModelTest.php" line="232" class="AnimalModelTest" classname="AnimalModelTest" assertions="2" time="0.000366"/>
        <testcase name="testTableStructure" file="/Users/njalibert/Downloads/AnimaLineage/backend/tests/Unit/AnimalModelTest.php" line="238" class="AnimalModelTest" classname="AnimalModelTest" assertions="2" time="0.000362"/>
        <testcase name="testQueryExecution" file="/Users/njalibert/Downloads/AnimaLineage/backend/tests/Unit/AnimalModelTest.php" line="248" class="AnimalModelTest" classname="AnimalModelTest" assertions="1" time="0.000344"/>
        <testcase name="testGetStatsReproduction" file="/Users/njalibert/Downloads/AnimaLineage/backend/tests/Unit/AnimalModelTest.php" line="375" class="AnimalModelTest" classname="AnimalModelTest" assertions="7" time="0.000589"/>
      </testsuite>
      <testsuite name="AuthMiddlewareTest" file="/Users/njalibert/Downloads/AnimaLineage/backend/tests/Unit/AuthMiddlewareTest.php" tests="15" assertions="48" errors="0" failures="0" skipped="0" time="1.023441">
        <testcase name="testVerifyTokenWithInvalidToken" file="/Users/njalibert/Downloads/AnimaLineage/backend/tests/Unit/AuthMiddlewareTest.php" line="103" class="AuthMiddlewareTest" classname="AuthMiddlewareTest" assertions="3" time="0.001572"/>
        <testcase name="testRefreshTokenWithValidToken" file="/Users/njalibert/Downloads/AnimaLineage/backend/tests/Unit/AuthMiddlewareTest.php" line="124" class="AuthMiddlewareTest" classname="AuthMiddlewareTest" assertions="4" time="1.007029"/>
        <testcase name="testConstructor" file="/Users/njalibert/Downloads/AnimaLineage/backend/tests/Unit/AuthMiddlewareTest.php" line="49" class="AuthMiddlewareTest" classname="AuthMiddlewareTest" assertions="1" time="0.002090"/>
        <testcase name="testHasRoleWithValidRole" file="/Users/njalibert/Downloads/AnimaLineage/backend/tests/Unit/AuthMiddlewareTest.php" line="54" class="AuthMiddlewareTest" classname="AuthMiddlewareTest" assertions="3" time="0.001056"/>
        <testcase name="testHasRoleWithInvalidData" file="/Users/njalibert/Downloads/AnimaLineage/backend/tests/Unit/AuthMiddlewareTest.php" line="66" class="AuthMiddlewareTest" classname="AuthMiddlewareTest" assertions="3" time="0.001046"/>
        <testcase name="testVerifyTokenWithValidToken" file="/Users/njalibert/Downloads/AnimaLineage/backend/tests/Unit/AuthMiddlewareTest.php" line="91" class="AuthMiddlewareTest" classname="AuthMiddlewareTest" assertions="5" time="0.001264"/>
        <testcase name="testGetRoleName" file="/Users/njalibert/Downloads/AnimaLineage/backend/tests/Unit/AuthMiddlewareTest.php" line="149" class="AuthMiddlewareTest" classname="AuthMiddlewareTest" assertions="3" time="0.000727"/>
        <testcase name="testCanManageRoleAdmin" file="/Users/njalibert/Downloads/AnimaLineage/backend/tests/Unit/AuthMiddlewareTest.php" line="157" class="AuthMiddlewareTest" classname="AuthMiddlewareTest" assertions="3" time="0.000697"/>
        <testcase name="testCanManageRoleModerator" file="/Users/njalibert/Downloads/AnimaLineage/backend/tests/Unit/AuthMiddlewareTest.php" line="165" class="AuthMiddlewareTest" classname="AuthMiddlewareTest" assertions="3" time="0.000684"/>
        <testcase name="testCanManageRoleReader" file="/Users/njalibert/Downloads/AnimaLineage/backend/tests/Unit/AuthMiddlewareTest.php" line="173" class="AuthMiddlewareTest" classname="AuthMiddlewareTest" assertions="3" time="0.000668"/>
        <testcase name="testRoleHierarchy" file="/Users/njalibert/Downloads/AnimaLineage/backend/tests/Unit/AuthMiddlewareTest.php" line="181" class="AuthMiddlewareTest" classname="AuthMiddlewareTest" assertions="9" time="0.000635"/>
        <testcase name="testJWTConfiguration" file="/Users/njalibert/Downloads/AnimaLineage/backend/tests/Unit/AuthMiddlewareTest.php" line="203" class="AuthMiddlewareTest" classname="AuthMiddlewareTest" assertions="2" time="0.000699"/>
        <testcase name="testGenerateTokenWithValidData" file="/Users/njalibert/Downloads/AnimaLineage/backend/tests/Unit/AuthMiddlewareTest.php" line="79" class="AuthMiddlewareTest" classname="AuthMiddlewareTest" assertions="3" time="0.002290"/>
        <testcase name="testRefreshTokenWithInvalidToken" file="/Users/njalibert/Downloads/AnimaLineage/backend/tests/Unit/AuthMiddlewareTest.php" line="143" class="AuthMiddlewareTest" classname="AuthMiddlewareTest" assertions="2" time="0.000819"/>
        <testcase name="testVerifyTokenWithExpiredToken" file="/Users/njalibert/Downloads/AnimaLineage/backend/tests/Unit/AuthMiddlewareTest.php" line="110" class="AuthMiddlewareTest" classname="AuthMiddlewareTest" assertions="1" time="0.002165"/>
      </testsuite>
      <testsuite name="ElevageModelTest" file="/Users/njalibert/Downloads/AnimaLineage/backend/tests/Unit/ElevageModelTest.php" tests="22" assertions="53" errors="0" failures="0" skipped="1" time="0.021037">
        <testcase name="testCanNotEditAsOtherUser" file="/Users/njalibert/Downloads/AnimaLineage/backend/tests/Unit/ElevageModelTest.php" line="258" class="ElevageModelTest" classname="ElevageModelTest" assertions="1" time="0.001348"/>
        <testcase name="testGetStats" file="/Users/njalibert/Downloads/AnimaLineage/backend/tests/Unit/ElevageModelTest.php" line="309" class="ElevageModelTest" classname="ElevageModelTest" assertions="0" time="0.000989">
          <skipped/>
        </testcase>
        <testcase name="testConstructor" file="/Users/njalibert/Downloads/AnimaLineage/backend/tests/Unit/ElevageModelTest.php" line="135" class="ElevageModelTest" classname="ElevageModelTest" assertions="1" time="0.000880"/>
        <testcase name="testElevageProperties" file="/Users/njalibert/Downloads/AnimaLineage/backend/tests/Unit/ElevageModelTest.php" line="140" class="ElevageModelTest" classname="ElevageModelTest" assertions="4" time="0.000875"/>
        <testcase name="testGetAll" file="/Users/njalibert/Downloads/AnimaLineage/backend/tests/Unit/ElevageModelTest.php" line="153" class="ElevageModelTest" classname="ElevageModelTest" assertions="4" time="0.000910"/>
        <testcase name="testGetByUserId" file="/Users/njalibert/Downloads/AnimaLineage/backend/tests/Unit/ElevageModelTest.php" line="167" class="ElevageModelTest" classname="ElevageModelTest" assertions="3" time="0.001207"/>
        <testcase name="testGetByUserIdInvalid" file="/Users/njalibert/Downloads/AnimaLineage/backend/tests/Unit/ElevageModelTest.php" line="177" class="ElevageModelTest" classname="ElevageModelTest" assertions="1" time="0.000939"/>
        <testcase name="testGetById" file="/Users/njalibert/Downloads/AnimaLineage/backend/tests/Unit/ElevageModelTest.php" line="184" class="ElevageModelTest" classname="ElevageModelTest" assertions="3" time="0.000955"/>
        <testcase name="testGetByIdInvalid" file="/Users/njalibert/Downloads/AnimaLineage/backend/tests/Unit/ElevageModelTest.php" line="192" class="ElevageModelTest" classname="ElevageModelTest" assertions="1" time="0.000949"/>
        <testcase name="testCreate" file="/Users/njalibert/Downloads/AnimaLineage/backend/tests/Unit/ElevageModelTest.php" line="198" class="ElevageModelTest" classname="ElevageModelTest" assertions="4" time="0.000951"/>
        <testcase name="testUpdate" file="/Users/njalibert/Downloads/AnimaLineage/backend/tests/Unit/ElevageModelTest.php" line="215" class="ElevageModelTest" classname="ElevageModelTest" assertions="4" time="0.000936"/>
        <testcase name="testDelete" file="/Users/njalibert/Downloads/AnimaLineage/backend/tests/Unit/ElevageModelTest.php" line="233" class="ElevageModelTest" classname="ElevageModelTest" assertions="2" time="0.000938"/>
        <testcase name="testCanEditAsAdmin" file="/Users/njalibert/Downloads/AnimaLineage/backend/tests/Unit/ElevageModelTest.php" line="244" class="ElevageModelTest" classname="ElevageModelTest" assertions="1" time="0.000885"/>
        <testcase name="testCanEditAsOwner" file="/Users/njalibert/Downloads/AnimaLineage/backend/tests/Unit/ElevageModelTest.php" line="251" class="ElevageModelTest" classname="ElevageModelTest" assertions="1" time="0.000900"/>
        <testcase name="testSetRaces" file="/Users/njalibert/Downloads/AnimaLineage/backend/tests/Unit/ElevageModelTest.php" line="265" class="ElevageModelTest" classname="ElevageModelTest" assertions="4" time="0.000992"/>
        <testcase name="testSetRacesEmpty" file="/Users/njalibert/Downloads/AnimaLineage/backend/tests/Unit/ElevageModelTest.php" line="283" class="ElevageModelTest" classname="ElevageModelTest" assertions="2" time="0.001039"/>
        <testcase name="testGetRaces" file="/Users/njalibert/Downloads/AnimaLineage/backend/tests/Unit/ElevageModelTest.php" line="295" class="ElevageModelTest" classname="ElevageModelTest" assertions="4" time="0.000921"/>
        <testcase name="testDataSanitization" file="/Users/njalibert/Downloads/AnimaLineage/backend/tests/Unit/ElevageModelTest.php" line="315" class="ElevageModelTest" classname="ElevageModelTest" assertions="4" time="0.000924"/>
        <testcase name="testDatabaseConnection" file="/Users/njalibert/Downloads/AnimaLineage/backend/tests/Unit/ElevageModelTest.php" line="331" class="ElevageModelTest" classname="ElevageModelTest" assertions="2" time="0.000838"/>
        <testcase name="testTableStructure" file="/Users/njalibert/Downloads/AnimaLineage/backend/tests/Unit/ElevageModelTest.php" line="337" class="ElevageModelTest" classname="ElevageModelTest" assertions="2" time="0.000843"/>
        <testcase name="testForeignKeyRelationships" file="/Users/njalibert/Downloads/AnimaLineage/backend/tests/Unit/ElevageModelTest.php" line="347" class="ElevageModelTest" classname="ElevageModelTest" assertions="3" time="0.000872"/>
        <testcase name="testCanEditAsCollaborator" file="/Users/njalibert/Downloads/AnimaLineage/backend/tests/Unit/ElevageModelTest.php" line="362" class="ElevageModelTest" classname="ElevageModelTest" assertions="2" time="0.000945"/>
      </testsuite>
      <testsuite name="RaceModelTest" file="/Users/njalibert/Downloads/AnimaLineage/backend/tests/Unit/RaceModelTest.php" tests="20" assertions="47" errors="0" failures="0" skipped="2" time="0.013586">
        <testcase name="testCreateWithoutOptionalFields" file="/Users/njalibert/Downloads/AnimaLineage/backend/tests/Unit/RaceModelTest.php" line="159" class="RaceModelTest" classname="RaceModelTest" assertions="3" time="0.000755"/>
        <testcase name="testNomExists" file="/Users/njalibert/Downloads/AnimaLineage/backend/tests/Unit/RaceModelTest.php" line="201" class="RaceModelTest" classname="RaceModelTest" assertions="0" time="0.000679">
          <skipped/>
        </testcase>
        <testcase name="testNomExistsExcludingSelf" file="/Users/njalibert/Downloads/AnimaLineage/backend/tests/Unit/RaceModelTest.php" line="207" class="RaceModelTest" classname="RaceModelTest" assertions="0" time="0.000675">
          <skipped/>
        </testcase>
        <testcase name="testConstructor" file="/Users/njalibert/Downloads/AnimaLineage/backend/tests/Unit/RaceModelTest.php" line="77" class="RaceModelTest" classname="RaceModelTest" assertions="1" time="0.000939"/>
        <testcase name="testRaceProperties" file="/Users/njalibert/Downloads/AnimaLineage/backend/tests/Unit/RaceModelTest.php" line="82" class="RaceModelTest" classname="RaceModelTest" assertions="3" time="0.000651"/>
        <testcase name="testGetAll" file="/Users/njalibert/Downloads/AnimaLineage/backend/tests/Unit/RaceModelTest.php" line="93" class="RaceModelTest" classname="RaceModelTest" assertions="4" time="0.000688"/>
        <testcase name="testGetByType" file="/Users/njalibert/Downloads/AnimaLineage/backend/tests/Unit/RaceModelTest.php" line="107" class="RaceModelTest" classname="RaceModelTest" assertions="4" time="0.000686"/>
        <testcase name="testGetByTypeInvalid" file="/Users/njalibert/Downloads/AnimaLineage/backend/tests/Unit/RaceModelTest.php" line="121" class="RaceModelTest" classname="RaceModelTest" assertions="1" time="0.000634"/>
        <testcase name="testGetById" file="/Users/njalibert/Downloads/AnimaLineage/backend/tests/Unit/RaceModelTest.php" line="128" class="RaceModelTest" classname="RaceModelTest" assertions="4" time="0.000632"/>
        <testcase name="testGetByIdInvalid" file="/Users/njalibert/Downloads/AnimaLineage/backend/tests/Unit/RaceModelTest.php" line="137" class="RaceModelTest" classname="RaceModelTest" assertions="1" time="0.000594"/>
        <testcase name="testCreate" file="/Users/njalibert/Downloads/AnimaLineage/backend/tests/Unit/RaceModelTest.php" line="143" class="RaceModelTest" classname="RaceModelTest" assertions="4" time="0.000778"/>
        <testcase name="testUpdate" file="/Users/njalibert/Downloads/AnimaLineage/backend/tests/Unit/RaceModelTest.php" line="174" class="RaceModelTest" classname="RaceModelTest" assertions="3" time="0.000621"/>
        <testcase name="testDelete" file="/Users/njalibert/Downloads/AnimaLineage/backend/tests/Unit/RaceModelTest.php" line="190" class="RaceModelTest" classname="RaceModelTest" assertions="2" time="0.000657"/>
        <testcase name="testDataSanitization" file="/Users/njalibert/Downloads/AnimaLineage/backend/tests/Unit/RaceModelTest.php" line="213" class="RaceModelTest" classname="RaceModelTest" assertions="3" time="0.000681"/>
        <testcase name="testForeignKeyRelationship" file="/Users/njalibert/Downloads/AnimaLineage/backend/tests/Unit/RaceModelTest.php" line="227" class="RaceModelTest" classname="RaceModelTest" assertions="3" time="0.000649"/>
        <testcase name="testGetAllSorting" file="/Users/njalibert/Downloads/AnimaLineage/backend/tests/Unit/RaceModelTest.php" line="241" class="RaceModelTest" classname="RaceModelTest" assertions="4" time="0.000645"/>
        <testcase name="testGetByTypeSorting" file="/Users/njalibert/Downloads/AnimaLineage/backend/tests/Unit/RaceModelTest.php" line="253" class="RaceModelTest" classname="RaceModelTest" assertions="2" time="0.000643"/>
        <testcase name="testDatabaseConnection" file="/Users/njalibert/Downloads/AnimaLineage/backend/tests/Unit/RaceModelTest.php" line="263" class="RaceModelTest" classname="RaceModelTest" assertions="2" time="0.000648"/>
        <testcase name="testTableStructure" file="/Users/njalibert/Downloads/AnimaLineage/backend/tests/Unit/RaceModelTest.php" line="269" class="RaceModelTest" classname="RaceModelTest" assertions="2" time="0.000656"/>
        <testcase name="testQueryExecution" file="/Users/njalibert/Downloads/AnimaLineage/backend/tests/Unit/RaceModelTest.php" line="279" class="RaceModelTest" classname="RaceModelTest" assertions="1" time="0.000673"/>
      </testsuite>
      <testsuite name="TypeAnimalModelTest" file="/Users/njalibert/Downloads/AnimaLineage/backend/tests/Unit/TypeAnimalModelTest.php" tests="22" assertions="48" errors="0" failures="0" skipped="2" time="0.013992">
        <testcase name="testRequiredFields" file="/Users/njalibert/Downloads/AnimaLineage/backend/tests/Unit/TypeAnimalModelTest.php" line="229" class="TypeAnimalModelTest" classname="TypeAnimalModelTest" assertions="1" time="0.000694"/>
        <testcase name="testEmptyDescription" file="/Users/njalibert/Downloads/AnimaLineage/backend/tests/Unit/TypeAnimalModelTest.php" line="297" class="TypeAnimalModelTest" classname="TypeAnimalModelTest" assertions="3" time="0.000648"/>
        <testcase name="testNomExists" file="/Users/njalibert/Downloads/AnimaLineage/backend/tests/Unit/TypeAnimalModelTest.php" line="173" class="TypeAnimalModelTest" classname="TypeAnimalModelTest" assertions="0" time="0.000662">
          <skipped/>
        </testcase>
        <testcase name="testUniqueConstraint" file="/Users/njalibert/Downloads/AnimaLineage/backend/tests/Unit/TypeAnimalModelTest.php" line="239" class="TypeAnimalModelTest" classname="TypeAnimalModelTest" assertions="0" time="0.000920">
          <skipped/>
        </testcase>
        <testcase name="testConstructor" file="/Users/njalibert/Downloads/AnimaLineage/backend/tests/Unit/TypeAnimalModelTest.php" line="77" class="TypeAnimalModelTest" classname="TypeAnimalModelTest" assertions="1" time="0.000592"/>
        <testcase name="testTypeAnimalProperties" file="/Users/njalibert/Downloads/AnimaLineage/backend/tests/Unit/TypeAnimalModelTest.php" line="82" class="TypeAnimalModelTest" classname="TypeAnimalModelTest" assertions="2" time="0.000602"/>
        <testcase name="testGetAll" file="/Users/njalibert/Downloads/AnimaLineage/backend/tests/Unit/TypeAnimalModelTest.php" line="91" class="TypeAnimalModelTest" classname="TypeAnimalModelTest" assertions="5" time="0.000605"/>
        <testcase name="testGetById" file="/Users/njalibert/Downloads/AnimaLineage/backend/tests/Unit/TypeAnimalModelTest.php" line="105" class="TypeAnimalModelTest" classname="TypeAnimalModelTest" assertions="3" time="0.000602"/>
        <testcase name="testGetByIdInvalid" file="/Users/njalibert/Downloads/AnimaLineage/backend/tests/Unit/TypeAnimalModelTest.php" line="113" class="TypeAnimalModelTest" classname="TypeAnimalModelTest" assertions="1" time="0.000598"/>
        <testcase name="testCreate" file="/Users/njalibert/Downloads/AnimaLineage/backend/tests/Unit/TypeAnimalModelTest.php" line="119" class="TypeAnimalModelTest" classname="TypeAnimalModelTest" assertions="4" time="0.000684"/>
        <testcase name="testCreateWithoutDescription" file="/Users/njalibert/Downloads/AnimaLineage/backend/tests/Unit/TypeAnimalModelTest.php" line="134" class="TypeAnimalModelTest" classname="TypeAnimalModelTest" assertions="3" time="0.000610"/>
        <testcase name="testUpdate" file="/Users/njalibert/Downloads/AnimaLineage/backend/tests/Unit/TypeAnimalModelTest.php" line="147" class="TypeAnimalModelTest" classname="TypeAnimalModelTest" assertions="3" time="0.000596"/>
        <testcase name="testDelete" file="/Users/njalibert/Downloads/AnimaLineage/backend/tests/Unit/TypeAnimalModelTest.php" line="162" class="TypeAnimalModelTest" classname="TypeAnimalModelTest" assertions="2" time="0.000611"/>
        <testcase name="testGetRaces" file="/Users/njalibert/Downloads/AnimaLineage/backend/tests/Unit/TypeAnimalModelTest.php" line="179" class="TypeAnimalModelTest" classname="TypeAnimalModelTest" assertions="4" time="0.000630"/>
        <testcase name="testGetRacesEmpty" file="/Users/njalibert/Downloads/AnimaLineage/backend/tests/Unit/TypeAnimalModelTest.php" line="193" class="TypeAnimalModelTest" classname="TypeAnimalModelTest" assertions="1" time="0.000611"/>
        <testcase name="testGetRacesSorting" file="/Users/njalibert/Downloads/AnimaLineage/backend/tests/Unit/TypeAnimalModelTest.php" line="205" class="TypeAnimalModelTest" classname="TypeAnimalModelTest" assertions="2" time="0.000609"/>
        <testcase name="testDataSanitization" file="/Users/njalibert/Downloads/AnimaLineage/backend/tests/Unit/TypeAnimalModelTest.php" line="216" class="TypeAnimalModelTest" classname="TypeAnimalModelTest" assertions="3" time="0.000606"/>
        <testcase name="testForeignKeyRelationship" file="/Users/njalibert/Downloads/AnimaLineage/backend/tests/Unit/TypeAnimalModelTest.php" line="245" class="TypeAnimalModelTest" classname="TypeAnimalModelTest" assertions="3" time="0.000652"/>
        <testcase name="testDatabaseConnection" file="/Users/njalibert/Downloads/AnimaLineage/backend/tests/Unit/TypeAnimalModelTest.php" line="257" class="TypeAnimalModelTest" classname="TypeAnimalModelTest" assertions="2" time="0.000654"/>
        <testcase name="testTableStructure" file="/Users/njalibert/Downloads/AnimaLineage/backend/tests/Unit/TypeAnimalModelTest.php" line="263" class="TypeAnimalModelTest" classname="TypeAnimalModelTest" assertions="2" time="0.000569"/>
        <testcase name="testQueryExecution" file="/Users/njalibert/Downloads/AnimaLineage/backend/tests/Unit/TypeAnimalModelTest.php" line="273" class="TypeAnimalModelTest" classname="TypeAnimalModelTest" assertions="1" time="0.000602"/>
        <testcase name="testGetAllSorting" file="/Users/njalibert/Downloads/AnimaLineage/backend/tests/Unit/TypeAnimalModelTest.php" line="282" class="TypeAnimalModelTest" classname="TypeAnimalModelTest" assertions="2" time="0.000635"/>
      </testsuite>
      <testsuite name="BasicTest" file="/Users/njalibert/Downloads/AnimaLineage/backend/tests/Unit/BasicTest.php" tests="5" assertions="10" errors="0" failures="0" skipped="0" time="0.006928">
        <testcase name="testEnvironmentVariables" file="/Users/njalibert/Downloads/AnimaLineage/backend/tests/Unit/BasicTest.php" line="15" class="BasicTest" classname="BasicTest" assertions="3" time="0.000492"/>
        <testcase name="testAutoloader" file="/Users/njalibert/Downloads/AnimaLineage/backend/tests/Unit/BasicTest.php" line="22" class="BasicTest" classname="BasicTest" assertions="1" time="0.000736"/>
        <testcase name="testDatabaseConnection" file="/Users/njalibert/Downloads/AnimaLineage/backend/tests/Unit/BasicTest.php" line="27" class="BasicTest" classname="BasicTest" assertions="1" time="0.000490"/>
        <testcase name="testJWTSecret" file="/Users/njalibert/Downloads/AnimaLineage/backend/tests/Unit/BasicTest.php" line="37" class="BasicTest" classname="BasicTest" assertions="3" time="0.004731"/>
        <testcase name="testPHPVersion" file="/Users/njalibert/Downloads/AnimaLineage/backend/tests/Unit/BasicTest.php" line="10" class="BasicTest" classname="BasicTest" assertions="2" time="0.000480"/>
      </testsuite>
      <testsuite name="ElevageFilteringTest" file="/Users/njalibert/Downloads/AnimaLineage/backend/tests/Unit/ElevageFilteringTest.php" tests="4" assertions="19" errors="0" failures="0" skipped="0" time="0.003725">
        <testcase name="testGetElevagesForUserMethod" file="/Users/njalibert/Downloads/AnimaLineage/backend/tests/Unit/ElevageFilteringTest.php" line="138" class="ElevageFilteringTest" classname="ElevageFilteringTest" assertions="5" time="0.001065"/>
        <testcase name="testGetElevagesForRegularUser" file="/Users/njalibert/Downloads/AnimaLineage/backend/tests/Unit/ElevageFilteringTest.php" line="162" class="ElevageFilteringTest" classname="ElevageFilteringTest" assertions="5" time="0.000920"/>
        <testcase name="testGetElevagesForUserWithoutCollaboration" file="/Users/njalibert/Downloads/AnimaLineage/backend/tests/Unit/ElevageFilteringTest.php" line="185" class="ElevageFilteringTest" classname="ElevageFilteringTest" assertions="5" time="0.000889"/>
        <testcase name="testQueryStructure" file="/Users/njalibert/Downloads/AnimaLineage/backend/tests/Unit/ElevageFilteringTest.php" line="207" class="ElevageFilteringTest" classname="ElevageFilteringTest" assertions="4" time="0.000851"/>
      </testsuite>
      <testsuite name="TransferRequestModelTest" file="/Users/njalibert/Downloads/AnimaLineage/backend/tests/Unit/TransferRequestModelTest.php" tests="17" assertions="45" errors="0" failures="0" skipped="0" time="0.012063">
        <testcase name="testConstructor" file="/Users/njalibert/Downloads/AnimaLineage/backend/tests/Unit/TransferRequestModelTest.php" line="114" class="TransferRequestModelTest" classname="TransferRequestModelTest" assertions="1" time="0.000727"/>
        <testcase name="testTableCreation" file="/Users/njalibert/Downloads/AnimaLineage/backend/tests/Unit/TransferRequestModelTest.php" line="119" class="TransferRequestModelTest" classname="TransferRequestModelTest" assertions="2" time="0.000670"/>
        <testcase name="testTransferRequestProperties" file="/Users/njalibert/Downloads/AnimaLineage/backend/tests/Unit/TransferRequestModelTest.php" line="129" class="TransferRequestModelTest" classname="TransferRequestModelTest" assertions="5" time="0.000647"/>
        <testcase name="testCreate" file="/Users/njalibert/Downloads/AnimaLineage/backend/tests/Unit/TransferRequestModelTest.php" line="144" class="TransferRequestModelTest" classname="TransferRequestModelTest" assertions="5" time="0.000734"/>
        <testcase name="testCreateWithNullFromElevage" file="/Users/njalibert/Downloads/AnimaLineage/backend/tests/Unit/TransferRequestModelTest.php" line="163" class="TransferRequestModelTest" classname="TransferRequestModelTest" assertions="3" time="0.000660"/>
        <testcase name="testGetById" file="/Users/njalibert/Downloads/AnimaLineage/backend/tests/Unit/TransferRequestModelTest.php" line="180" class="TransferRequestModelTest" classname="TransferRequestModelTest" assertions="6" time="0.000645"/>
        <testcase name="testGetByIdInvalid" file="/Users/njalibert/Downloads/AnimaLineage/backend/tests/Unit/TransferRequestModelTest.php" line="200" class="TransferRequestModelTest" classname="TransferRequestModelTest" assertions="1" time="0.000634"/>
        <testcase name="testGetByUserAsAdmin" file="/Users/njalibert/Downloads/AnimaLineage/backend/tests/Unit/TransferRequestModelTest.php" line="206" class="TransferRequestModelTest" classname="TransferRequestModelTest" assertions="1" time="0.000703"/>
        <testcase name="testGetByUserAsModerator" file="/Users/njalibert/Downloads/AnimaLineage/backend/tests/Unit/TransferRequestModelTest.php" line="218" class="TransferRequestModelTest" classname="TransferRequestModelTest" assertions="1" time="0.000713"/>
        <testcase name="testProcess" file="/Users/njalibert/Downloads/AnimaLineage/backend/tests/Unit/TransferRequestModelTest.php" line="230" class="TransferRequestModelTest" classname="TransferRequestModelTest" assertions="4" time="0.000979"/>
        <testcase name="testProcessReject" file="/Users/njalibert/Downloads/AnimaLineage/backend/tests/Unit/TransferRequestModelTest.php" line="253" class="TransferRequestModelTest" classname="TransferRequestModelTest" assertions="3" time="0.000726"/>
        <testcase name="testSimilarRequestExists" file="/Users/njalibert/Downloads/AnimaLineage/backend/tests/Unit/TransferRequestModelTest.php" line="275" class="TransferRequestModelTest" classname="TransferRequestModelTest" assertions="3" time="0.000719"/>
        <testcase name="testSimilarRequestExistsProcessed" file="/Users/njalibert/Downloads/AnimaLineage/backend/tests/Unit/TransferRequestModelTest.php" line="298" class="TransferRequestModelTest" classname="TransferRequestModelTest" assertions="1" time="0.000705"/>
        <testcase name="testDefaultStatus" file="/Users/njalibert/Downloads/AnimaLineage/backend/tests/Unit/TransferRequestModelTest.php" line="316" class="TransferRequestModelTest" classname="TransferRequestModelTest" assertions="1" time="0.000703"/>
        <testcase name="testForeignKeyRelationships" file="/Users/njalibert/Downloads/AnimaLineage/backend/tests/Unit/TransferRequestModelTest.php" line="329" class="TransferRequestModelTest" classname="TransferRequestModelTest" assertions="5" time="0.000727"/>
        <testcase name="testDatabaseConnection" file="/Users/njalibert/Downloads/AnimaLineage/backend/tests/Unit/TransferRequestModelTest.php" line="348" class="TransferRequestModelTest" classname="TransferRequestModelTest" assertions="2" time="0.000677"/>
        <testcase name="testQueryExecution" file="/Users/njalibert/Downloads/AnimaLineage/backend/tests/Unit/TransferRequestModelTest.php" line="354" class="TransferRequestModelTest" classname="TransferRequestModelTest" assertions="1" time="0.000692"/>
      </testsuite>
      <testsuite name="UserModelTest" file="/Users/njalibert/Downloads/AnimaLineage/backend/tests/Unit/UserModelTest.php" tests="5" assertions="12" errors="0" failures="0" skipped="0" time="0.444216">
        <testcase name="testUserTableCreation" file="/Users/njalibert/Downloads/AnimaLineage/backend/tests/Unit/UserModelTest.php" line="35" class="UserModelTest" classname="UserModelTest" assertions="2" time="0.000529"/>
        <testcase name="testUserConstants" file="/Users/njalibert/Downloads/AnimaLineage/backend/tests/Unit/UserModelTest.php" line="45" class="UserModelTest" classname="UserModelTest" assertions="3" time="0.000527"/>
        <testcase name="testUserProperties" file="/Users/njalibert/Downloads/AnimaLineage/backend/tests/Unit/UserModelTest.php" line="52" class="UserModelTest" classname="UserModelTest" assertions="3" time="0.000508"/>
        <testcase name="testDatabaseConnection" file="/Users/njalibert/Downloads/AnimaLineage/backend/tests/Unit/UserModelTest.php" line="63" class="UserModelTest" classname="UserModelTest" assertions="2" time="0.000507"/>
        <testcase name="testPasswordHashing" file="/Users/njalibert/Downloads/AnimaLineage/backend/tests/Unit/UserModelTest.php" line="69" class="UserModelTest" classname="UserModelTest" assertions="2" time="0.442145"/>
      </testsuite>
    </testsuite>
    <testsuite name="Integration" tests="12" assertions="51" errors="0" failures="0" skipped="0" time="1.014310">
      <testsuite name="AuthMiddlewareIntegrationTest" file="/Users/njalibert/Downloads/AnimaLineage/backend/tests/Integration/AuthMiddlewareIntegrationTest.php" tests="7" assertions="42" errors="0" failures="0" skipped="0" time="1.011218">
        <testcase name="testFullAuthenticationWorkflow" file="/Users/njalibert/Downloads/AnimaLineage/backend/tests/Integration/AuthMiddlewareIntegrationTest.php" line="80" class="AuthMiddlewareIntegrationTest" classname="AuthMiddlewareIntegrationTest" assertions="8" time="0.000818"/>
        <testcase name="testRoleBasedAccessControl" file="/Users/njalibert/Downloads/AnimaLineage/backend/tests/Integration/AuthMiddlewareIntegrationTest.php" line="130" class="AuthMiddlewareIntegrationTest" classname="AuthMiddlewareIntegrationTest" assertions="9" time="0.000664"/>
        <testcase name="testGetCurrentUser" file="/Users/njalibert/Downloads/AnimaLineage/backend/tests/Integration/AuthMiddlewareIntegrationTest.php" line="174" class="AuthMiddlewareIntegrationTest" classname="AuthMiddlewareIntegrationTest" assertions="3" time="0.000565"/>
        <testcase name="testInvalidAuthorizationHeaders" file="/Users/njalibert/Downloads/AnimaLineage/backend/tests/Integration/AuthMiddlewareIntegrationTest.php" line="155" class="AuthMiddlewareIntegrationTest" classname="AuthMiddlewareIntegrationTest" assertions="4" time="0.000541"/>
        <testcase name="testRoleManagementScenarios" file="/Users/njalibert/Downloads/AnimaLineage/backend/tests/Integration/AuthMiddlewareIntegrationTest.php" line="190" class="AuthMiddlewareIntegrationTest" classname="AuthMiddlewareIntegrationTest" assertions="9" time="0.000530"/>
        <testcase name="testSecurityEdgeCases" file="/Users/njalibert/Downloads/AnimaLineage/backend/tests/Integration/AuthMiddlewareIntegrationTest.php" line="208" class="AuthMiddlewareIntegrationTest" classname="AuthMiddlewareIntegrationTest" assertions="4" time="0.001680"/>
        <testcase name="testTokenRefreshWorkflow" file="/Users/njalibert/Downloads/AnimaLineage/backend/tests/Integration/AuthMiddlewareIntegrationTest.php" line="105" class="AuthMiddlewareIntegrationTest" classname="AuthMiddlewareIntegrationTest" assertions="5" time="1.006420"/>
      </testsuite>
      <testsuite name="APIHealthTest" file="/Users/njalibert/Downloads/AnimaLineage/backend/tests/Integration/APIHealthTest.php" tests="5" assertions="9" errors="0" failures="0" skipped="0" time="0.003092">
        <testcase name="testRootEndpointStructure" file="/Users/njalibert/Downloads/AnimaLineage/backend/tests/Integration/APIHealthTest.php" line="10" class="APIHealthTest" classname="APIHealthTest" assertions="2" time="0.000718"/>
        <testcase name="testJWTConfiguration" file="/Users/njalibert/Downloads/AnimaLineage/backend/tests/Integration/APIHealthTest.php" line="17" class="APIHealthTest" classname="APIHealthTest" assertions="2" time="0.000616"/>
        <testcase name="testDatabaseConfiguration" file="/Users/njalibert/Downloads/AnimaLineage/backend/tests/Integration/APIHealthTest.php" line="23" class="APIHealthTest" classname="APIHealthTest" assertions="2" time="0.000617"/>
        <testcase name="testErrorHandling" file="/Users/njalibert/Downloads/AnimaLineage/backend/tests/Integration/APIHealthTest.php" line="29" class="APIHealthTest" classname="APIHealthTest" assertions="1" time="0.000537"/>
        <testcase name="testEnvironmentSeparation" file="/Users/njalibert/Downloads/AnimaLineage/backend/tests/Integration/APIHealthTest.php" line="35" class="APIHealthTest" classname="APIHealthTest" assertions="2" time="0.000604"/>
      </testsuite>
    </testsuite>
  </testsuite>
</testsuites>
