<?xml version="1.0" encoding="UTF-8"?>
<testsuites>
  <testsuite name="CLI Arguments" tests="138" assertions="359" errors="0" failures="0" skipped="6" time="1.552381">
    <testsuite name="AnimalModelTest" file="/Users/njalibert/Downloads/AnimaLineage/backend/tests/Unit/AnimalModelTest.php" tests="28" assertions="77" errors="0" failures="0" skipped="1" time="0.013275">
      <testcase name="testCanEdit" file="/Users/njalibert/Downloads/AnimaLineage/backend/tests/Unit/AnimalModelTest.php" line="379" class="AnimalModelTest" classname="AnimalModelTest" assertions="3" time="0.002460"/>
      <testcase name="testCanTransfer" file="/Users/njalibert/Downloads/AnimaLineage/backend/tests/Unit/AnimalModelTest.php" line="397" class="AnimalModelTest" classname="AnimalModelTest" assertions="2" time="0.000388"/>
      <testcase name="testIdentifiantExists" file="/Users/njalibert/Downloads/AnimaLineage/backend/tests/Unit/AnimalModelTest.php" line="338" class="AnimalModelTest" classname="AnimalModelTest" assertions="0" time="0.000576">
        <skipped/>
      </testcase>
      <testcase name="testConstructor" file="/Users/njalibert/Downloads/AnimaLineage/backend/tests/Unit/AnimalModelTest.php" line="98" class="AnimalModelTest" classname="AnimalModelTest" assertions="1" time="0.000385"/>
      <testcase name="testAnimalProperties" file="/Users/njalibert/Downloads/AnimaLineage/backend/tests/Unit/AnimalModelTest.php" line="103" class="AnimalModelTest" classname="AnimalModelTest" assertions="4" time="0.000351"/>
      <testcase name="testGetAll" file="/Users/njalibert/Downloads/AnimaLineage/backend/tests/Unit/AnimalModelTest.php" line="116" class="AnimalModelTest" classname="AnimalModelTest" assertions="6" time="0.000390"/>
      <testcase name="testGetByElevageId" file="/Users/njalibert/Downloads/AnimaLineage/backend/tests/Unit/AnimalModelTest.php" line="132" class="AnimalModelTest" classname="AnimalModelTest" assertions="5" time="0.000283"/>
      <testcase name="testGetByElevageIdWithInvalidId" file="/Users/njalibert/Downloads/AnimaLineage/backend/tests/Unit/AnimalModelTest.php" line="146" class="AnimalModelTest" classname="AnimalModelTest" assertions="1" time="0.000269"/>
      <testcase name="testGetVivantsByElevageId" file="/Users/njalibert/Downloads/AnimaLineage/backend/tests/Unit/AnimalModelTest.php" line="153" class="AnimalModelTest" classname="AnimalModelTest" assertions="4" time="0.000277"/>
      <testcase name="testSexeValidation" file="/Users/njalibert/Downloads/AnimaLineage/backend/tests/Unit/AnimalModelTest.php" line="168" class="AnimalModelTest" classname="AnimalModelTest" assertions="2" time="0.000379"/>
      <testcase name="testStatutDefault" file="/Users/njalibert/Downloads/AnimaLineage/backend/tests/Unit/AnimalModelTest.php" line="179" class="AnimalModelTest" classname="AnimalModelTest" assertions="1" time="0.000235"/>
      <testcase name="testForeignKeyRelationships" file="/Users/njalibert/Downloads/AnimaLineage/backend/tests/Unit/AnimalModelTest.php" line="185" class="AnimalModelTest" classname="AnimalModelTest" assertions="4" time="0.000237"/>
      <testcase name="testDateProperties" file="/Users/njalibert/Downloads/AnimaLineage/backend/tests/Unit/AnimalModelTest.php" line="199" class="AnimalModelTest" classname="AnimalModelTest" assertions="2" time="0.000252"/>
      <testcase name="testNotesProperty" file="/Users/njalibert/Downloads/AnimaLineage/backend/tests/Unit/AnimalModelTest.php" line="210" class="AnimalModelTest" classname="AnimalModelTest" assertions="1" time="0.000359"/>
      <testcase name="testDatabaseConnection" file="/Users/njalibert/Downloads/AnimaLineage/backend/tests/Unit/AnimalModelTest.php" line="218" class="AnimalModelTest" classname="AnimalModelTest" assertions="2" time="0.000283"/>
      <testcase name="testQueryExecution" file="/Users/njalibert/Downloads/AnimaLineage/backend/tests/Unit/AnimalModelTest.php" line="234" class="AnimalModelTest" classname="AnimalModelTest" assertions="1" time="0.000301"/>
      <testcase name="testGetById" file="/Users/njalibert/Downloads/AnimaLineage/backend/tests/Unit/AnimalModelTest.php" line="243" class="AnimalModelTest" classname="AnimalModelTest" assertions="4" time="0.000386"/>
      <testcase name="testGetByIdInvalid" file="/Users/njalibert/Downloads/AnimaLineage/backend/tests/Unit/AnimalModelTest.php" line="252" class="AnimalModelTest" classname="AnimalModelTest" assertions="1" time="0.000461"/>
      <testcase name="testGetByIdentifiant" file="/Users/njalibert/Downloads/AnimaLineage/backend/tests/Unit/AnimalModelTest.php" line="258" class="AnimalModelTest" classname="AnimalModelTest" assertions="3" time="0.000292"/>
      <testcase name="testGetByIdentifiantInvalid" file="/Users/njalibert/Downloads/AnimaLineage/backend/tests/Unit/AnimalModelTest.php" line="266" class="AnimalModelTest" classname="AnimalModelTest" assertions="1" time="0.000278"/>
      <testcase name="testCreate" file="/Users/njalibert/Downloads/AnimaLineage/backend/tests/Unit/AnimalModelTest.php" line="272" class="AnimalModelTest" classname="AnimalModelTest" assertions="4" time="0.001174"/>
      <testcase name="testUpdate" file="/Users/njalibert/Downloads/AnimaLineage/backend/tests/Unit/AnimalModelTest.php" line="292" class="AnimalModelTest" classname="AnimalModelTest" assertions="3" time="0.000425"/>
      <testcase name="testMarquerDeces" file="/Users/njalibert/Downloads/AnimaLineage/backend/tests/Unit/AnimalModelTest.php" line="312" class="AnimalModelTest" classname="AnimalModelTest" assertions="4" time="0.000403"/>
      <testcase name="testDelete" file="/Users/njalibert/Downloads/AnimaLineage/backend/tests/Unit/AnimalModelTest.php" line="327" class="AnimalModelTest" classname="AnimalModelTest" assertions="2" time="0.000381"/>
      <testcase name="testGetDescendants" file="/Users/njalibert/Downloads/AnimaLineage/backend/tests/Unit/AnimalModelTest.php" line="345" class="AnimalModelTest" classname="AnimalModelTest" assertions="3" time="0.000406"/>
      <testcase name="testGetStatsReproduction" file="/Users/njalibert/Downloads/AnimaLineage/backend/tests/Unit/AnimalModelTest.php" line="360" class="AnimalModelTest" classname="AnimalModelTest" assertions="7" time="0.000592"/>
      <testcase name="testDataSanitization" file="/Users/njalibert/Downloads/AnimaLineage/backend/tests/Unit/AnimalModelTest.php" line="409" class="AnimalModelTest" classname="AnimalModelTest" assertions="4" time="0.000645"/>
      <testcase name="testTableStructure" file="/Users/njalibert/Downloads/AnimaLineage/backend/tests/Unit/AnimalModelTest.php" line="224" class="AnimalModelTest" classname="AnimalModelTest" assertions="2" time="0.000407"/>
    </testsuite>
    <testsuite name="AuthMiddlewareTest" file="/Users/njalibert/Downloads/AnimaLineage/backend/tests/Unit/AuthMiddlewareTest.php" tests="15" assertions="48" errors="0" failures="0" skipped="0" time="1.020144">
      <testcase name="testVerifyTokenWithInvalidToken" file="/Users/njalibert/Downloads/AnimaLineage/backend/tests/Unit/AuthMiddlewareTest.php" line="103" class="AuthMiddlewareTest" classname="AuthMiddlewareTest" assertions="3" time="0.001191"/>
      <testcase name="testRefreshTokenWithValidToken" file="/Users/njalibert/Downloads/AnimaLineage/backend/tests/Unit/AuthMiddlewareTest.php" line="124" class="AuthMiddlewareTest" classname="AuthMiddlewareTest" assertions="4" time="1.006319"/>
      <testcase name="testConstructor" file="/Users/njalibert/Downloads/AnimaLineage/backend/tests/Unit/AuthMiddlewareTest.php" line="49" class="AuthMiddlewareTest" classname="AuthMiddlewareTest" assertions="1" time="0.001335"/>
      <testcase name="testHasRoleWithValidRole" file="/Users/njalibert/Downloads/AnimaLineage/backend/tests/Unit/AuthMiddlewareTest.php" line="54" class="AuthMiddlewareTest" classname="AuthMiddlewareTest" assertions="3" time="0.001148"/>
      <testcase name="testHasRoleWithInvalidData" file="/Users/njalibert/Downloads/AnimaLineage/backend/tests/Unit/AuthMiddlewareTest.php" line="66" class="AuthMiddlewareTest" classname="AuthMiddlewareTest" assertions="3" time="0.001041"/>
      <testcase name="testVerifyTokenWithValidToken" file="/Users/njalibert/Downloads/AnimaLineage/backend/tests/Unit/AuthMiddlewareTest.php" line="91" class="AuthMiddlewareTest" classname="AuthMiddlewareTest" assertions="5" time="0.001425"/>
      <testcase name="testRefreshTokenWithInvalidToken" file="/Users/njalibert/Downloads/AnimaLineage/backend/tests/Unit/AuthMiddlewareTest.php" line="143" class="AuthMiddlewareTest" classname="AuthMiddlewareTest" assertions="2" time="0.000916"/>
      <testcase name="testGetRoleName" file="/Users/njalibert/Downloads/AnimaLineage/backend/tests/Unit/AuthMiddlewareTest.php" line="149" class="AuthMiddlewareTest" classname="AuthMiddlewareTest" assertions="3" time="0.000713"/>
      <testcase name="testCanManageRoleAdmin" file="/Users/njalibert/Downloads/AnimaLineage/backend/tests/Unit/AuthMiddlewareTest.php" line="157" class="AuthMiddlewareTest" classname="AuthMiddlewareTest" assertions="3" time="0.000945"/>
      <testcase name="testCanManageRoleModerator" file="/Users/njalibert/Downloads/AnimaLineage/backend/tests/Unit/AuthMiddlewareTest.php" line="165" class="AuthMiddlewareTest" classname="AuthMiddlewareTest" assertions="3" time="0.000750"/>
      <testcase name="testCanManageRoleReader" file="/Users/njalibert/Downloads/AnimaLineage/backend/tests/Unit/AuthMiddlewareTest.php" line="173" class="AuthMiddlewareTest" classname="AuthMiddlewareTest" assertions="3" time="0.000651"/>
      <testcase name="testRoleHierarchy" file="/Users/njalibert/Downloads/AnimaLineage/backend/tests/Unit/AuthMiddlewareTest.php" line="181" class="AuthMiddlewareTest" classname="AuthMiddlewareTest" assertions="9" time="0.000674"/>
      <testcase name="testJWTConfiguration" file="/Users/njalibert/Downloads/AnimaLineage/backend/tests/Unit/AuthMiddlewareTest.php" line="203" class="AuthMiddlewareTest" classname="AuthMiddlewareTest" assertions="2" time="0.000657"/>
      <testcase name="testGenerateTokenWithValidData" file="/Users/njalibert/Downloads/AnimaLineage/backend/tests/Unit/AuthMiddlewareTest.php" line="79" class="AuthMiddlewareTest" classname="AuthMiddlewareTest" assertions="3" time="0.001097"/>
      <testcase name="testVerifyTokenWithExpiredToken" file="/Users/njalibert/Downloads/AnimaLineage/backend/tests/Unit/AuthMiddlewareTest.php" line="110" class="AuthMiddlewareTest" classname="AuthMiddlewareTest" assertions="1" time="0.001282"/>
    </testsuite>
    <testsuite name="ElevageModelTest" file="/Users/njalibert/Downloads/AnimaLineage/backend/tests/Unit/ElevageModelTest.php" tests="22" assertions="53" errors="0" failures="0" skipped="1" time="0.021765">
      <testcase name="testCanNotEditAsOtherUser" file="/Users/njalibert/Downloads/AnimaLineage/backend/tests/Unit/ElevageModelTest.php" line="258" class="ElevageModelTest" classname="ElevageModelTest" assertions="1" time="0.001123"/>
      <testcase name="testGetStats" file="/Users/njalibert/Downloads/AnimaLineage/backend/tests/Unit/ElevageModelTest.php" line="309" class="ElevageModelTest" classname="ElevageModelTest" assertions="0" time="0.001020">
        <skipped/>
      </testcase>
      <testcase name="testConstructor" file="/Users/njalibert/Downloads/AnimaLineage/backend/tests/Unit/ElevageModelTest.php" line="135" class="ElevageModelTest" classname="ElevageModelTest" assertions="1" time="0.000819"/>
      <testcase name="testElevageProperties" file="/Users/njalibert/Downloads/AnimaLineage/backend/tests/Unit/ElevageModelTest.php" line="140" class="ElevageModelTest" classname="ElevageModelTest" assertions="4" time="0.000812"/>
      <testcase name="testGetAll" file="/Users/njalibert/Downloads/AnimaLineage/backend/tests/Unit/ElevageModelTest.php" line="153" class="ElevageModelTest" classname="ElevageModelTest" assertions="4" time="0.000912"/>
      <testcase name="testGetByUserId" file="/Users/njalibert/Downloads/AnimaLineage/backend/tests/Unit/ElevageModelTest.php" line="167" class="ElevageModelTest" classname="ElevageModelTest" assertions="3" time="0.001198"/>
      <testcase name="testGetByUserIdInvalid" file="/Users/njalibert/Downloads/AnimaLineage/backend/tests/Unit/ElevageModelTest.php" line="177" class="ElevageModelTest" classname="ElevageModelTest" assertions="1" time="0.000946"/>
      <testcase name="testGetById" file="/Users/njalibert/Downloads/AnimaLineage/backend/tests/Unit/ElevageModelTest.php" line="184" class="ElevageModelTest" classname="ElevageModelTest" assertions="3" time="0.000960"/>
      <testcase name="testGetByIdInvalid" file="/Users/njalibert/Downloads/AnimaLineage/backend/tests/Unit/ElevageModelTest.php" line="192" class="ElevageModelTest" classname="ElevageModelTest" assertions="1" time="0.000945"/>
      <testcase name="testUpdate" file="/Users/njalibert/Downloads/AnimaLineage/backend/tests/Unit/ElevageModelTest.php" line="215" class="ElevageModelTest" classname="ElevageModelTest" assertions="4" time="0.000981"/>
      <testcase name="testDelete" file="/Users/njalibert/Downloads/AnimaLineage/backend/tests/Unit/ElevageModelTest.php" line="233" class="ElevageModelTest" classname="ElevageModelTest" assertions="2" time="0.001046"/>
      <testcase name="testCanEditAsAdmin" file="/Users/njalibert/Downloads/AnimaLineage/backend/tests/Unit/ElevageModelTest.php" line="244" class="ElevageModelTest" classname="ElevageModelTest" assertions="1" time="0.000958"/>
      <testcase name="testCanEditAsOwner" file="/Users/njalibert/Downloads/AnimaLineage/backend/tests/Unit/ElevageModelTest.php" line="251" class="ElevageModelTest" classname="ElevageModelTest" assertions="1" time="0.000968"/>
      <testcase name="testSetRacesEmpty" file="/Users/njalibert/Downloads/AnimaLineage/backend/tests/Unit/ElevageModelTest.php" line="283" class="ElevageModelTest" classname="ElevageModelTest" assertions="2" time="0.000983"/>
      <testcase name="testGetRaces" file="/Users/njalibert/Downloads/AnimaLineage/backend/tests/Unit/ElevageModelTest.php" line="295" class="ElevageModelTest" classname="ElevageModelTest" assertions="4" time="0.000997"/>
      <testcase name="testDataSanitization" file="/Users/njalibert/Downloads/AnimaLineage/backend/tests/Unit/ElevageModelTest.php" line="315" class="ElevageModelTest" classname="ElevageModelTest" assertions="4" time="0.001091"/>
      <testcase name="testDatabaseConnection" file="/Users/njalibert/Downloads/AnimaLineage/backend/tests/Unit/ElevageModelTest.php" line="331" class="ElevageModelTest" classname="ElevageModelTest" assertions="2" time="0.000958"/>
      <testcase name="testTableStructure" file="/Users/njalibert/Downloads/AnimaLineage/backend/tests/Unit/ElevageModelTest.php" line="337" class="ElevageModelTest" classname="ElevageModelTest" assertions="2" time="0.000983"/>
      <testcase name="testForeignKeyRelationships" file="/Users/njalibert/Downloads/AnimaLineage/backend/tests/Unit/ElevageModelTest.php" line="347" class="ElevageModelTest" classname="ElevageModelTest" assertions="3" time="0.000999"/>
      <testcase name="testCanEditAsCollaborator" file="/Users/njalibert/Downloads/AnimaLineage/backend/tests/Unit/ElevageModelTest.php" line="362" class="ElevageModelTest" classname="ElevageModelTest" assertions="2" time="0.001109"/>
      <testcase name="testCreate" file="/Users/njalibert/Downloads/AnimaLineage/backend/tests/Unit/ElevageModelTest.php" line="198" class="ElevageModelTest" classname="ElevageModelTest" assertions="4" time="0.000997"/>
      <testcase name="testSetRaces" file="/Users/njalibert/Downloads/AnimaLineage/backend/tests/Unit/ElevageModelTest.php" line="265" class="ElevageModelTest" classname="ElevageModelTest" assertions="4" time="0.000961"/>
    </testsuite>
    <testsuite name="RaceModelTest" file="/Users/njalibert/Downloads/AnimaLineage/backend/tests/Unit/RaceModelTest.php" tests="20" assertions="47" errors="0" failures="0" skipped="2" time="0.014298">
      <testcase name="testCreateWithoutOptionalFields" file="/Users/njalibert/Downloads/AnimaLineage/backend/tests/Unit/RaceModelTest.php" line="159" class="RaceModelTest" classname="RaceModelTest" assertions="3" time="0.000800"/>
      <testcase name="testNomExists" file="/Users/njalibert/Downloads/AnimaLineage/backend/tests/Unit/RaceModelTest.php" line="201" class="RaceModelTest" classname="RaceModelTest" assertions="0" time="0.000700">
        <skipped/>
      </testcase>
      <testcase name="testNomExistsExcludingSelf" file="/Users/njalibert/Downloads/AnimaLineage/backend/tests/Unit/RaceModelTest.php" line="207" class="RaceModelTest" classname="RaceModelTest" assertions="0" time="0.000666">
        <skipped/>
      </testcase>
      <testcase name="testConstructor" file="/Users/njalibert/Downloads/AnimaLineage/backend/tests/Unit/RaceModelTest.php" line="77" class="RaceModelTest" classname="RaceModelTest" assertions="1" time="0.000937"/>
      <testcase name="testRaceProperties" file="/Users/njalibert/Downloads/AnimaLineage/backend/tests/Unit/RaceModelTest.php" line="82" class="RaceModelTest" classname="RaceModelTest" assertions="3" time="0.000659"/>
      <testcase name="testGetAll" file="/Users/njalibert/Downloads/AnimaLineage/backend/tests/Unit/RaceModelTest.php" line="93" class="RaceModelTest" classname="RaceModelTest" assertions="4" time="0.000710"/>
      <testcase name="testGetByType" file="/Users/njalibert/Downloads/AnimaLineage/backend/tests/Unit/RaceModelTest.php" line="107" class="RaceModelTest" classname="RaceModelTest" assertions="4" time="0.000680"/>
      <testcase name="testGetByTypeInvalid" file="/Users/njalibert/Downloads/AnimaLineage/backend/tests/Unit/RaceModelTest.php" line="121" class="RaceModelTest" classname="RaceModelTest" assertions="1" time="0.000691"/>
      <testcase name="testGetById" file="/Users/njalibert/Downloads/AnimaLineage/backend/tests/Unit/RaceModelTest.php" line="128" class="RaceModelTest" classname="RaceModelTest" assertions="4" time="0.000726"/>
      <testcase name="testGetByIdInvalid" file="/Users/njalibert/Downloads/AnimaLineage/backend/tests/Unit/RaceModelTest.php" line="137" class="RaceModelTest" classname="RaceModelTest" assertions="1" time="0.000712"/>
      <testcase name="testCreate" file="/Users/njalibert/Downloads/AnimaLineage/backend/tests/Unit/RaceModelTest.php" line="143" class="RaceModelTest" classname="RaceModelTest" assertions="4" time="0.000713"/>
      <testcase name="testUpdate" file="/Users/njalibert/Downloads/AnimaLineage/backend/tests/Unit/RaceModelTest.php" line="174" class="RaceModelTest" classname="RaceModelTest" assertions="3" time="0.000688"/>
      <testcase name="testDelete" file="/Users/njalibert/Downloads/AnimaLineage/backend/tests/Unit/RaceModelTest.php" line="190" class="RaceModelTest" classname="RaceModelTest" assertions="2" time="0.000661"/>
      <testcase name="testDataSanitization" file="/Users/njalibert/Downloads/AnimaLineage/backend/tests/Unit/RaceModelTest.php" line="213" class="RaceModelTest" classname="RaceModelTest" assertions="3" time="0.000723"/>
      <testcase name="testForeignKeyRelationship" file="/Users/njalibert/Downloads/AnimaLineage/backend/tests/Unit/RaceModelTest.php" line="227" class="RaceModelTest" classname="RaceModelTest" assertions="3" time="0.000745"/>
      <testcase name="testGetAllSorting" file="/Users/njalibert/Downloads/AnimaLineage/backend/tests/Unit/RaceModelTest.php" line="241" class="RaceModelTest" classname="RaceModelTest" assertions="4" time="0.000691"/>
      <testcase name="testGetByTypeSorting" file="/Users/njalibert/Downloads/AnimaLineage/backend/tests/Unit/RaceModelTest.php" line="253" class="RaceModelTest" classname="RaceModelTest" assertions="2" time="0.000741"/>
      <testcase name="testDatabaseConnection" file="/Users/njalibert/Downloads/AnimaLineage/backend/tests/Unit/RaceModelTest.php" line="263" class="RaceModelTest" classname="RaceModelTest" assertions="2" time="0.000697"/>
      <testcase name="testTableStructure" file="/Users/njalibert/Downloads/AnimaLineage/backend/tests/Unit/RaceModelTest.php" line="269" class="RaceModelTest" classname="RaceModelTest" assertions="2" time="0.000678"/>
      <testcase name="testQueryExecution" file="/Users/njalibert/Downloads/AnimaLineage/backend/tests/Unit/RaceModelTest.php" line="279" class="RaceModelTest" classname="RaceModelTest" assertions="1" time="0.000679"/>
    </testsuite>
    <testsuite name="TypeAnimalModelTest" file="/Users/njalibert/Downloads/AnimaLineage/backend/tests/Unit/TypeAnimalModelTest.php" tests="22" assertions="48" errors="0" failures="0" skipped="2" time="0.014805">
      <testcase name="testRequiredFields" file="/Users/njalibert/Downloads/AnimaLineage/backend/tests/Unit/TypeAnimalModelTest.php" line="229" class="TypeAnimalModelTest" classname="TypeAnimalModelTest" assertions="1" time="0.000705"/>
      <testcase name="testEmptyDescription" file="/Users/njalibert/Downloads/AnimaLineage/backend/tests/Unit/TypeAnimalModelTest.php" line="297" class="TypeAnimalModelTest" classname="TypeAnimalModelTest" assertions="3" time="0.000711"/>
      <testcase name="testNomExists" file="/Users/njalibert/Downloads/AnimaLineage/backend/tests/Unit/TypeAnimalModelTest.php" line="173" class="TypeAnimalModelTest" classname="TypeAnimalModelTest" assertions="0" time="0.000679">
        <skipped/>
      </testcase>
      <testcase name="testUniqueConstraint" file="/Users/njalibert/Downloads/AnimaLineage/backend/tests/Unit/TypeAnimalModelTest.php" line="239" class="TypeAnimalModelTest" classname="TypeAnimalModelTest" assertions="0" time="0.000917">
        <skipped/>
      </testcase>
      <testcase name="testConstructor" file="/Users/njalibert/Downloads/AnimaLineage/backend/tests/Unit/TypeAnimalModelTest.php" line="77" class="TypeAnimalModelTest" classname="TypeAnimalModelTest" assertions="1" time="0.000628"/>
      <testcase name="testTypeAnimalProperties" file="/Users/njalibert/Downloads/AnimaLineage/backend/tests/Unit/TypeAnimalModelTest.php" line="82" class="TypeAnimalModelTest" classname="TypeAnimalModelTest" assertions="2" time="0.000680"/>
      <testcase name="testGetAll" file="/Users/njalibert/Downloads/AnimaLineage/backend/tests/Unit/TypeAnimalModelTest.php" line="91" class="TypeAnimalModelTest" classname="TypeAnimalModelTest" assertions="5" time="0.000709"/>
      <testcase name="testGetById" file="/Users/njalibert/Downloads/AnimaLineage/backend/tests/Unit/TypeAnimalModelTest.php" line="105" class="TypeAnimalModelTest" classname="TypeAnimalModelTest" assertions="3" time="0.000685"/>
      <testcase name="testGetByIdInvalid" file="/Users/njalibert/Downloads/AnimaLineage/backend/tests/Unit/TypeAnimalModelTest.php" line="113" class="TypeAnimalModelTest" classname="TypeAnimalModelTest" assertions="1" time="0.000654"/>
      <testcase name="testCreate" file="/Users/njalibert/Downloads/AnimaLineage/backend/tests/Unit/TypeAnimalModelTest.php" line="119" class="TypeAnimalModelTest" classname="TypeAnimalModelTest" assertions="4" time="0.000687"/>
      <testcase name="testCreateWithoutDescription" file="/Users/njalibert/Downloads/AnimaLineage/backend/tests/Unit/TypeAnimalModelTest.php" line="134" class="TypeAnimalModelTest" classname="TypeAnimalModelTest" assertions="3" time="0.000668"/>
      <testcase name="testUpdate" file="/Users/njalibert/Downloads/AnimaLineage/backend/tests/Unit/TypeAnimalModelTest.php" line="147" class="TypeAnimalModelTest" classname="TypeAnimalModelTest" assertions="3" time="0.000690"/>
      <testcase name="testDelete" file="/Users/njalibert/Downloads/AnimaLineage/backend/tests/Unit/TypeAnimalModelTest.php" line="162" class="TypeAnimalModelTest" classname="TypeAnimalModelTest" assertions="2" time="0.000659"/>
      <testcase name="testGetRaces" file="/Users/njalibert/Downloads/AnimaLineage/backend/tests/Unit/TypeAnimalModelTest.php" line="179" class="TypeAnimalModelTest" classname="TypeAnimalModelTest" assertions="4" time="0.000648"/>
      <testcase name="testGetRacesEmpty" file="/Users/njalibert/Downloads/AnimaLineage/backend/tests/Unit/TypeAnimalModelTest.php" line="193" class="TypeAnimalModelTest" classname="TypeAnimalModelTest" assertions="1" time="0.000649"/>
      <testcase name="testGetRacesSorting" file="/Users/njalibert/Downloads/AnimaLineage/backend/tests/Unit/TypeAnimalModelTest.php" line="205" class="TypeAnimalModelTest" classname="TypeAnimalModelTest" assertions="2" time="0.000653"/>
      <testcase name="testDataSanitization" file="/Users/njalibert/Downloads/AnimaLineage/backend/tests/Unit/TypeAnimalModelTest.php" line="216" class="TypeAnimalModelTest" classname="TypeAnimalModelTest" assertions="3" time="0.000641"/>
      <testcase name="testForeignKeyRelationship" file="/Users/njalibert/Downloads/AnimaLineage/backend/tests/Unit/TypeAnimalModelTest.php" line="245" class="TypeAnimalModelTest" classname="TypeAnimalModelTest" assertions="3" time="0.000621"/>
      <testcase name="testDatabaseConnection" file="/Users/njalibert/Downloads/AnimaLineage/backend/tests/Unit/TypeAnimalModelTest.php" line="257" class="TypeAnimalModelTest" classname="TypeAnimalModelTest" assertions="2" time="0.000598"/>
      <testcase name="testTableStructure" file="/Users/njalibert/Downloads/AnimaLineage/backend/tests/Unit/TypeAnimalModelTest.php" line="263" class="TypeAnimalModelTest" classname="TypeAnimalModelTest" assertions="2" time="0.000632"/>
      <testcase name="testQueryExecution" file="/Users/njalibert/Downloads/AnimaLineage/backend/tests/Unit/TypeAnimalModelTest.php" line="273" class="TypeAnimalModelTest" classname="TypeAnimalModelTest" assertions="1" time="0.000633"/>
      <testcase name="testGetAllSorting" file="/Users/njalibert/Downloads/AnimaLineage/backend/tests/Unit/TypeAnimalModelTest.php" line="282" class="TypeAnimalModelTest" classname="TypeAnimalModelTest" assertions="2" time="0.000659"/>
    </testsuite>
    <testsuite name="BasicTest" file="/Users/njalibert/Downloads/AnimaLineage/backend/tests/Unit/BasicTest.php" tests="5" assertions="10" errors="0" failures="0" skipped="0" time="0.004275">
      <testcase name="testEnvironmentVariables" file="/Users/njalibert/Downloads/AnimaLineage/backend/tests/Unit/BasicTest.php" line="15" class="BasicTest" classname="BasicTest" assertions="3" time="0.000485"/>
      <testcase name="testAutoloader" file="/Users/njalibert/Downloads/AnimaLineage/backend/tests/Unit/BasicTest.php" line="22" class="BasicTest" classname="BasicTest" assertions="1" time="0.000457"/>
      <testcase name="testDatabaseConnection" file="/Users/njalibert/Downloads/AnimaLineage/backend/tests/Unit/BasicTest.php" line="27" class="BasicTest" classname="BasicTest" assertions="1" time="0.000355"/>
      <testcase name="testJWTSecret" file="/Users/njalibert/Downloads/AnimaLineage/backend/tests/Unit/BasicTest.php" line="37" class="BasicTest" classname="BasicTest" assertions="3" time="0.002489"/>
      <testcase name="testPHPVersion" file="/Users/njalibert/Downloads/AnimaLineage/backend/tests/Unit/BasicTest.php" line="10" class="BasicTest" classname="BasicTest" assertions="2" time="0.000488"/>
    </testsuite>
    <testsuite name="ElevageFilteringTest" file="/Users/njalibert/Downloads/AnimaLineage/backend/tests/Unit/ElevageFilteringTest.php" tests="4" assertions="19" errors="0" failures="0" skipped="0" time="0.004344">
      <testcase name="testGetElevagesForRegularUser" file="/Users/njalibert/Downloads/AnimaLineage/backend/tests/Unit/ElevageFilteringTest.php" line="162" class="ElevageFilteringTest" classname="ElevageFilteringTest" assertions="5" time="0.001104"/>
      <testcase name="testGetElevagesForUserWithoutCollaboration" file="/Users/njalibert/Downloads/AnimaLineage/backend/tests/Unit/ElevageFilteringTest.php" line="185" class="ElevageFilteringTest" classname="ElevageFilteringTest" assertions="5" time="0.000972"/>
      <testcase name="testQueryStructure" file="/Users/njalibert/Downloads/AnimaLineage/backend/tests/Unit/ElevageFilteringTest.php" line="207" class="ElevageFilteringTest" classname="ElevageFilteringTest" assertions="4" time="0.001276"/>
      <testcase name="testGetElevagesForUserMethod" file="/Users/njalibert/Downloads/AnimaLineage/backend/tests/Unit/ElevageFilteringTest.php" line="138" class="ElevageFilteringTest" classname="ElevageFilteringTest" assertions="5" time="0.000993"/>
    </testsuite>
    <testsuite name="TransferRequestModelTest" file="/Users/njalibert/Downloads/AnimaLineage/backend/tests/Unit/TransferRequestModelTest.php" tests="17" assertions="45" errors="0" failures="0" skipped="0" time="0.013100">
      <testcase name="testConstructor" file="/Users/njalibert/Downloads/AnimaLineage/backend/tests/Unit/TransferRequestModelTest.php" line="114" class="TransferRequestModelTest" classname="TransferRequestModelTest" assertions="1" time="0.000813"/>
      <testcase name="testTableCreation" file="/Users/njalibert/Downloads/AnimaLineage/backend/tests/Unit/TransferRequestModelTest.php" line="119" class="TransferRequestModelTest" classname="TransferRequestModelTest" assertions="2" time="0.000786"/>
      <testcase name="testTransferRequestProperties" file="/Users/njalibert/Downloads/AnimaLineage/backend/tests/Unit/TransferRequestModelTest.php" line="129" class="TransferRequestModelTest" classname="TransferRequestModelTest" assertions="5" time="0.000746"/>
      <testcase name="testCreate" file="/Users/njalibert/Downloads/AnimaLineage/backend/tests/Unit/TransferRequestModelTest.php" line="144" class="TransferRequestModelTest" classname="TransferRequestModelTest" assertions="5" time="0.000754"/>
      <testcase name="testCreateWithNullFromElevage" file="/Users/njalibert/Downloads/AnimaLineage/backend/tests/Unit/TransferRequestModelTest.php" line="163" class="TransferRequestModelTest" classname="TransferRequestModelTest" assertions="3" time="0.000877"/>
      <testcase name="testGetById" file="/Users/njalibert/Downloads/AnimaLineage/backend/tests/Unit/TransferRequestModelTest.php" line="180" class="TransferRequestModelTest" classname="TransferRequestModelTest" assertions="6" time="0.000783"/>
      <testcase name="testGetByIdInvalid" file="/Users/njalibert/Downloads/AnimaLineage/backend/tests/Unit/TransferRequestModelTest.php" line="200" class="TransferRequestModelTest" classname="TransferRequestModelTest" assertions="1" time="0.000672"/>
      <testcase name="testGetByUserAsAdmin" file="/Users/njalibert/Downloads/AnimaLineage/backend/tests/Unit/TransferRequestModelTest.php" line="206" class="TransferRequestModelTest" classname="TransferRequestModelTest" assertions="1" time="0.000776"/>
      <testcase name="testGetByUserAsModerator" file="/Users/njalibert/Downloads/AnimaLineage/backend/tests/Unit/TransferRequestModelTest.php" line="218" class="TransferRequestModelTest" classname="TransferRequestModelTest" assertions="1" time="0.000753"/>
      <testcase name="testProcess" file="/Users/njalibert/Downloads/AnimaLineage/backend/tests/Unit/TransferRequestModelTest.php" line="230" class="TransferRequestModelTest" classname="TransferRequestModelTest" assertions="4" time="0.000725"/>
      <testcase name="testProcessReject" file="/Users/njalibert/Downloads/AnimaLineage/backend/tests/Unit/TransferRequestModelTest.php" line="253" class="TransferRequestModelTest" classname="TransferRequestModelTest" assertions="3" time="0.000715"/>
      <testcase name="testSimilarRequestExists" file="/Users/njalibert/Downloads/AnimaLineage/backend/tests/Unit/TransferRequestModelTest.php" line="275" class="TransferRequestModelTest" classname="TransferRequestModelTest" assertions="3" time="0.000781"/>
      <testcase name="testSimilarRequestExistsProcessed" file="/Users/njalibert/Downloads/AnimaLineage/backend/tests/Unit/TransferRequestModelTest.php" line="298" class="TransferRequestModelTest" classname="TransferRequestModelTest" assertions="1" time="0.000819"/>
      <testcase name="testDefaultStatus" file="/Users/njalibert/Downloads/AnimaLineage/backend/tests/Unit/TransferRequestModelTest.php" line="316" class="TransferRequestModelTest" classname="TransferRequestModelTest" assertions="1" time="0.000839"/>
      <testcase name="testForeignKeyRelationships" file="/Users/njalibert/Downloads/AnimaLineage/backend/tests/Unit/TransferRequestModelTest.php" line="329" class="TransferRequestModelTest" classname="TransferRequestModelTest" assertions="5" time="0.000810"/>
      <testcase name="testDatabaseConnection" file="/Users/njalibert/Downloads/AnimaLineage/backend/tests/Unit/TransferRequestModelTest.php" line="348" class="TransferRequestModelTest" classname="TransferRequestModelTest" assertions="2" time="0.000749"/>
      <testcase name="testQueryExecution" file="/Users/njalibert/Downloads/AnimaLineage/backend/tests/Unit/TransferRequestModelTest.php" line="354" class="TransferRequestModelTest" classname="TransferRequestModelTest" assertions="1" time="0.000701"/>
    </testsuite>
    <testsuite name="UserModelTest" file="/Users/njalibert/Downloads/AnimaLineage/backend/tests/Unit/UserModelTest.php" tests="5" assertions="12" errors="0" failures="0" skipped="0" time="0.446376">
      <testcase name="testUserTableCreation" file="/Users/njalibert/Downloads/AnimaLineage/backend/tests/Unit/UserModelTest.php" line="35" class="UserModelTest" classname="UserModelTest" assertions="2" time="0.000556"/>
      <testcase name="testUserConstants" file="/Users/njalibert/Downloads/AnimaLineage/backend/tests/Unit/UserModelTest.php" line="45" class="UserModelTest" classname="UserModelTest" assertions="3" time="0.000540"/>
      <testcase name="testUserProperties" file="/Users/njalibert/Downloads/AnimaLineage/backend/tests/Unit/UserModelTest.php" line="52" class="UserModelTest" classname="UserModelTest" assertions="3" time="0.000535"/>
      <testcase name="testDatabaseConnection" file="/Users/njalibert/Downloads/AnimaLineage/backend/tests/Unit/UserModelTest.php" line="63" class="UserModelTest" classname="UserModelTest" assertions="2" time="0.000529"/>
      <testcase name="testPasswordHashing" file="/Users/njalibert/Downloads/AnimaLineage/backend/tests/Unit/UserModelTest.php" line="69" class="UserModelTest" classname="UserModelTest" assertions="2" time="0.444216"/>
    </testsuite>
  </testsuite>
</testsuites>
