<?xml version="1.0" encoding="UTF-8"?>
<testsuites>
  <testsuite name="/Users/njalibert/Downloads/AnimaLineage/backend/phpunit.xml" tests="150" assertions="410" errors="0" failures="0" skipped="6" time="2.559840">
    <testsuite name="Unit" tests="138" assertions="359" errors="0" failures="0" skipped="6" time="1.547043">
      <testsuite name="AnimalModelTest" file="/Users/njalibert/Downloads/AnimaLineage/backend/tests/Unit/AnimalModelTest.php" tests="28" assertions="77" errors="0" failures="0" skipped="1" time="0.027068">
        <testcase name="testCanEdit" file="/Users/njalibert/Downloads/AnimaLineage/backend/tests/Unit/AnimalModelTest.php" line="379" class="AnimalModelTest" classname="AnimalModelTest" assertions="3" time="0.011479"/>
        <testcase name="testCanTransfer" file="/Users/njalibert/Downloads/AnimaLineage/backend/tests/Unit/AnimalModelTest.php" line="397" class="AnimalModelTest" classname="AnimalModelTest" assertions="2" time="0.000416"/>
        <testcase name="testIdentifiantExists" file="/Users/njalibert/Downloads/AnimaLineage/backend/tests/Unit/AnimalModelTest.php" line="338" class="AnimalModelTest" classname="AnimalModelTest" assertions="0" time="0.001834">
          <skipped/>
        </testcase>
        <testcase name="testConstructor" file="/Users/njalibert/Downloads/AnimaLineage/backend/tests/Unit/AnimalModelTest.php" line="98" class="AnimalModelTest" classname="AnimalModelTest" assertions="1" time="0.000675"/>
        <testcase name="testAnimalProperties" file="/Users/njalibert/Downloads/AnimaLineage/backend/tests/Unit/AnimalModelTest.php" line="103" class="AnimalModelTest" classname="AnimalModelTest" assertions="4" time="0.001136"/>
        <testcase name="testGetAll" file="/Users/njalibert/Downloads/AnimaLineage/backend/tests/Unit/AnimalModelTest.php" line="116" class="AnimalModelTest" classname="AnimalModelTest" assertions="6" time="0.000938"/>
        <testcase name="testGetByElevageId" file="/Users/njalibert/Downloads/AnimaLineage/backend/tests/Unit/AnimalModelTest.php" line="132" class="AnimalModelTest" classname="AnimalModelTest" assertions="5" time="0.000330"/>
        <testcase name="testGetByElevageIdWithInvalidId" file="/Users/njalibert/Downloads/AnimaLineage/backend/tests/Unit/AnimalModelTest.php" line="146" class="AnimalModelTest" classname="AnimalModelTest" assertions="1" time="0.000337"/>
        <testcase name="testGetVivantsByElevageId" file="/Users/njalibert/Downloads/AnimaLineage/backend/tests/Unit/AnimalModelTest.php" line="153" class="AnimalModelTest" classname="AnimalModelTest" assertions="4" time="0.000313"/>
        <testcase name="testSexeValidation" file="/Users/njalibert/Downloads/AnimaLineage/backend/tests/Unit/AnimalModelTest.php" line="168" class="AnimalModelTest" classname="AnimalModelTest" assertions="2" time="0.000926"/>
        <testcase name="testStatutDefault" file="/Users/njalibert/Downloads/AnimaLineage/backend/tests/Unit/AnimalModelTest.php" line="179" class="AnimalModelTest" classname="AnimalModelTest" assertions="1" time="0.000271"/>
        <testcase name="testForeignKeyRelationships" file="/Users/njalibert/Downloads/AnimaLineage/backend/tests/Unit/AnimalModelTest.php" line="185" class="AnimalModelTest" classname="AnimalModelTest" assertions="4" time="0.000266"/>
        <testcase name="testDateProperties" file="/Users/njalibert/Downloads/AnimaLineage/backend/tests/Unit/AnimalModelTest.php" line="199" class="AnimalModelTest" classname="AnimalModelTest" assertions="2" time="0.000345"/>
        <testcase name="testNotesProperty" file="/Users/njalibert/Downloads/AnimaLineage/backend/tests/Unit/AnimalModelTest.php" line="210" class="AnimalModelTest" classname="AnimalModelTest" assertions="1" time="0.000267"/>
        <testcase name="testDatabaseConnection" file="/Users/njalibert/Downloads/AnimaLineage/backend/tests/Unit/AnimalModelTest.php" line="218" class="AnimalModelTest" classname="AnimalModelTest" assertions="2" time="0.000273"/>
        <testcase name="testTableStructure" file="/Users/njalibert/Downloads/AnimaLineage/backend/tests/Unit/AnimalModelTest.php" line="224" class="AnimalModelTest" classname="AnimalModelTest" assertions="2" time="0.001252"/>
        <testcase name="testQueryExecution" file="/Users/njalibert/Downloads/AnimaLineage/backend/tests/Unit/AnimalModelTest.php" line="234" class="AnimalModelTest" classname="AnimalModelTest" assertions="1" time="0.000289"/>
        <testcase name="testGetById" file="/Users/njalibert/Downloads/AnimaLineage/backend/tests/Unit/AnimalModelTest.php" line="243" class="AnimalModelTest" classname="AnimalModelTest" assertions="4" time="0.000724"/>
        <testcase name="testGetByIdInvalid" file="/Users/njalibert/Downloads/AnimaLineage/backend/tests/Unit/AnimalModelTest.php" line="252" class="AnimalModelTest" classname="AnimalModelTest" assertions="1" time="0.000330"/>
        <testcase name="testGetByIdentifiant" file="/Users/njalibert/Downloads/AnimaLineage/backend/tests/Unit/AnimalModelTest.php" line="258" class="AnimalModelTest" classname="AnimalModelTest" assertions="3" time="0.000302"/>
        <testcase name="testGetByIdentifiantInvalid" file="/Users/njalibert/Downloads/AnimaLineage/backend/tests/Unit/AnimalModelTest.php" line="266" class="AnimalModelTest" classname="AnimalModelTest" assertions="1" time="0.000293"/>
        <testcase name="testUpdate" file="/Users/njalibert/Downloads/AnimaLineage/backend/tests/Unit/AnimalModelTest.php" line="292" class="AnimalModelTest" classname="AnimalModelTest" assertions="3" time="0.000587"/>
        <testcase name="testMarquerDeces" file="/Users/njalibert/Downloads/AnimaLineage/backend/tests/Unit/AnimalModelTest.php" line="312" class="AnimalModelTest" classname="AnimalModelTest" assertions="4" time="0.000952"/>
        <testcase name="testDelete" file="/Users/njalibert/Downloads/AnimaLineage/backend/tests/Unit/AnimalModelTest.php" line="327" class="AnimalModelTest" classname="AnimalModelTest" assertions="2" time="0.000374"/>
        <testcase name="testGetDescendants" file="/Users/njalibert/Downloads/AnimaLineage/backend/tests/Unit/AnimalModelTest.php" line="345" class="AnimalModelTest" classname="AnimalModelTest" assertions="3" time="0.000326"/>
        <testcase name="testGetStatsReproduction" file="/Users/njalibert/Downloads/AnimaLineage/backend/tests/Unit/AnimalModelTest.php" line="360" class="AnimalModelTest" classname="AnimalModelTest" assertions="7" time="0.000451"/>
        <testcase name="testDataSanitization" file="/Users/njalibert/Downloads/AnimaLineage/backend/tests/Unit/AnimalModelTest.php" line="409" class="AnimalModelTest" classname="AnimalModelTest" assertions="4" time="0.001062"/>
        <testcase name="testCreate" file="/Users/njalibert/Downloads/AnimaLineage/backend/tests/Unit/AnimalModelTest.php" line="272" class="AnimalModelTest" classname="AnimalModelTest" assertions="4" time="0.000322"/>
      </testsuite>
      <testsuite name="AuthMiddlewareTest" file="/Users/njalibert/Downloads/AnimaLineage/backend/tests/Unit/AuthMiddlewareTest.php" tests="15" assertions="48" errors="0" failures="0" skipped="0" time="1.019705">
        <testcase name="testVerifyTokenWithInvalidToken" file="/Users/njalibert/Downloads/AnimaLineage/backend/tests/Unit/AuthMiddlewareTest.php" line="103" class="AuthMiddlewareTest" classname="AuthMiddlewareTest" assertions="3" time="0.003368"/>
        <testcase name="testRefreshTokenWithValidToken" file="/Users/njalibert/Downloads/AnimaLineage/backend/tests/Unit/AuthMiddlewareTest.php" line="124" class="AuthMiddlewareTest" classname="AuthMiddlewareTest" assertions="4" time="1.006857"/>
        <testcase name="testHasRoleWithInvalidData" file="/Users/njalibert/Downloads/AnimaLineage/backend/tests/Unit/AuthMiddlewareTest.php" line="66" class="AuthMiddlewareTest" classname="AuthMiddlewareTest" assertions="3" time="0.001172"/>
        <testcase name="testVerifyTokenWithValidToken" file="/Users/njalibert/Downloads/AnimaLineage/backend/tests/Unit/AuthMiddlewareTest.php" line="91" class="AuthMiddlewareTest" classname="AuthMiddlewareTest" assertions="5" time="0.001570"/>
        <testcase name="testRefreshTokenWithInvalidToken" file="/Users/njalibert/Downloads/AnimaLineage/backend/tests/Unit/AuthMiddlewareTest.php" line="143" class="AuthMiddlewareTest" classname="AuthMiddlewareTest" assertions="2" time="0.000895"/>
        <testcase name="testGetRoleName" file="/Users/njalibert/Downloads/AnimaLineage/backend/tests/Unit/AuthMiddlewareTest.php" line="149" class="AuthMiddlewareTest" classname="AuthMiddlewareTest" assertions="3" time="0.000528"/>
        <testcase name="testCanManageRoleAdmin" file="/Users/njalibert/Downloads/AnimaLineage/backend/tests/Unit/AuthMiddlewareTest.php" line="157" class="AuthMiddlewareTest" classname="AuthMiddlewareTest" assertions="3" time="0.000510"/>
        <testcase name="testCanManageRoleModerator" file="/Users/njalibert/Downloads/AnimaLineage/backend/tests/Unit/AuthMiddlewareTest.php" line="165" class="AuthMiddlewareTest" classname="AuthMiddlewareTest" assertions="3" time="0.000409"/>
        <testcase name="testCanManageRoleReader" file="/Users/njalibert/Downloads/AnimaLineage/backend/tests/Unit/AuthMiddlewareTest.php" line="173" class="AuthMiddlewareTest" classname="AuthMiddlewareTest" assertions="3" time="0.000384"/>
        <testcase name="testRoleHierarchy" file="/Users/njalibert/Downloads/AnimaLineage/backend/tests/Unit/AuthMiddlewareTest.php" line="181" class="AuthMiddlewareTest" classname="AuthMiddlewareTest" assertions="9" time="0.000422"/>
        <testcase name="testJWTConfiguration" file="/Users/njalibert/Downloads/AnimaLineage/backend/tests/Unit/AuthMiddlewareTest.php" line="203" class="AuthMiddlewareTest" classname="AuthMiddlewareTest" assertions="2" time="0.000404"/>
        <testcase name="testConstructor" file="/Users/njalibert/Downloads/AnimaLineage/backend/tests/Unit/AuthMiddlewareTest.php" line="49" class="AuthMiddlewareTest" classname="AuthMiddlewareTest" assertions="1" time="0.000720"/>
        <testcase name="testHasRoleWithValidRole" file="/Users/njalibert/Downloads/AnimaLineage/backend/tests/Unit/AuthMiddlewareTest.php" line="54" class="AuthMiddlewareTest" classname="AuthMiddlewareTest" assertions="3" time="0.000513"/>
        <testcase name="testGenerateTokenWithValidData" file="/Users/njalibert/Downloads/AnimaLineage/backend/tests/Unit/AuthMiddlewareTest.php" line="79" class="AuthMiddlewareTest" classname="AuthMiddlewareTest" assertions="3" time="0.000815"/>
        <testcase name="testVerifyTokenWithExpiredToken" file="/Users/njalibert/Downloads/AnimaLineage/backend/tests/Unit/AuthMiddlewareTest.php" line="110" class="AuthMiddlewareTest" classname="AuthMiddlewareTest" assertions="1" time="0.001138"/>
      </testsuite>
      <testsuite name="ElevageModelTest" file="/Users/njalibert/Downloads/AnimaLineage/backend/tests/Unit/ElevageModelTest.php" tests="22" assertions="53" errors="0" failures="0" skipped="1" time="0.011671">
        <testcase name="testCanNotEditAsOtherUser" file="/Users/njalibert/Downloads/AnimaLineage/backend/tests/Unit/ElevageModelTest.php" line="258" class="ElevageModelTest" classname="ElevageModelTest" assertions="1" time="0.000619"/>
        <testcase name="testGetStats" file="/Users/njalibert/Downloads/AnimaLineage/backend/tests/Unit/ElevageModelTest.php" line="309" class="ElevageModelTest" classname="ElevageModelTest" assertions="0" time="0.000539">
          <skipped/>
        </testcase>
        <testcase name="testConstructor" file="/Users/njalibert/Downloads/AnimaLineage/backend/tests/Unit/ElevageModelTest.php" line="135" class="ElevageModelTest" classname="ElevageModelTest" assertions="1" time="0.000493"/>
        <testcase name="testElevageProperties" file="/Users/njalibert/Downloads/AnimaLineage/backend/tests/Unit/ElevageModelTest.php" line="140" class="ElevageModelTest" classname="ElevageModelTest" assertions="4" time="0.000511"/>
        <testcase name="testGetAll" file="/Users/njalibert/Downloads/AnimaLineage/backend/tests/Unit/ElevageModelTest.php" line="153" class="ElevageModelTest" classname="ElevageModelTest" assertions="4" time="0.000506"/>
        <testcase name="testGetByUserId" file="/Users/njalibert/Downloads/AnimaLineage/backend/tests/Unit/ElevageModelTest.php" line="167" class="ElevageModelTest" classname="ElevageModelTest" assertions="3" time="0.000501"/>
        <testcase name="testGetByUserIdInvalid" file="/Users/njalibert/Downloads/AnimaLineage/backend/tests/Unit/ElevageModelTest.php" line="177" class="ElevageModelTest" classname="ElevageModelTest" assertions="1" time="0.000494"/>
        <testcase name="testGetById" file="/Users/njalibert/Downloads/AnimaLineage/backend/tests/Unit/ElevageModelTest.php" line="184" class="ElevageModelTest" classname="ElevageModelTest" assertions="3" time="0.000506"/>
        <testcase name="testGetByIdInvalid" file="/Users/njalibert/Downloads/AnimaLineage/backend/tests/Unit/ElevageModelTest.php" line="192" class="ElevageModelTest" classname="ElevageModelTest" assertions="1" time="0.000487"/>
        <testcase name="testCreate" file="/Users/njalibert/Downloads/AnimaLineage/backend/tests/Unit/ElevageModelTest.php" line="198" class="ElevageModelTest" classname="ElevageModelTest" assertions="4" time="0.000531"/>
        <testcase name="testUpdate" file="/Users/njalibert/Downloads/AnimaLineage/backend/tests/Unit/ElevageModelTest.php" line="215" class="ElevageModelTest" classname="ElevageModelTest" assertions="4" time="0.000526"/>
        <testcase name="testDelete" file="/Users/njalibert/Downloads/AnimaLineage/backend/tests/Unit/ElevageModelTest.php" line="233" class="ElevageModelTest" classname="ElevageModelTest" assertions="2" time="0.000527"/>
        <testcase name="testCanEditAsAdmin" file="/Users/njalibert/Downloads/AnimaLineage/backend/tests/Unit/ElevageModelTest.php" line="244" class="ElevageModelTest" classname="ElevageModelTest" assertions="1" time="0.000518"/>
        <testcase name="testCanEditAsOwner" file="/Users/njalibert/Downloads/AnimaLineage/backend/tests/Unit/ElevageModelTest.php" line="251" class="ElevageModelTest" classname="ElevageModelTest" assertions="1" time="0.000521"/>
        <testcase name="testSetRaces" file="/Users/njalibert/Downloads/AnimaLineage/backend/tests/Unit/ElevageModelTest.php" line="265" class="ElevageModelTest" classname="ElevageModelTest" assertions="4" time="0.000757"/>
        <testcase name="testSetRacesEmpty" file="/Users/njalibert/Downloads/AnimaLineage/backend/tests/Unit/ElevageModelTest.php" line="283" class="ElevageModelTest" classname="ElevageModelTest" assertions="2" time="0.000594"/>
        <testcase name="testGetRaces" file="/Users/njalibert/Downloads/AnimaLineage/backend/tests/Unit/ElevageModelTest.php" line="295" class="ElevageModelTest" classname="ElevageModelTest" assertions="4" time="0.000545"/>
        <testcase name="testDataSanitization" file="/Users/njalibert/Downloads/AnimaLineage/backend/tests/Unit/ElevageModelTest.php" line="315" class="ElevageModelTest" classname="ElevageModelTest" assertions="4" time="0.000581"/>
        <testcase name="testDatabaseConnection" file="/Users/njalibert/Downloads/AnimaLineage/backend/tests/Unit/ElevageModelTest.php" line="331" class="ElevageModelTest" classname="ElevageModelTest" assertions="2" time="0.000474"/>
        <testcase name="testTableStructure" file="/Users/njalibert/Downloads/AnimaLineage/backend/tests/Unit/ElevageModelTest.php" line="337" class="ElevageModelTest" classname="ElevageModelTest" assertions="2" time="0.000469"/>
        <testcase name="testForeignKeyRelationships" file="/Users/njalibert/Downloads/AnimaLineage/backend/tests/Unit/ElevageModelTest.php" line="347" class="ElevageModelTest" classname="ElevageModelTest" assertions="3" time="0.000470"/>
        <testcase name="testCanEditAsCollaborator" file="/Users/njalibert/Downloads/AnimaLineage/backend/tests/Unit/ElevageModelTest.php" line="362" class="ElevageModelTest" classname="ElevageModelTest" assertions="2" time="0.000502"/>
      </testsuite>
      <testsuite name="RaceModelTest" file="/Users/njalibert/Downloads/AnimaLineage/backend/tests/Unit/RaceModelTest.php" tests="20" assertions="47" errors="0" failures="0" skipped="2" time="0.006772">
        <testcase name="testCreateWithoutOptionalFields" file="/Users/njalibert/Downloads/AnimaLineage/backend/tests/Unit/RaceModelTest.php" line="159" class="RaceModelTest" classname="RaceModelTest" assertions="3" time="0.000462"/>
        <testcase name="testNomExists" file="/Users/njalibert/Downloads/AnimaLineage/backend/tests/Unit/RaceModelTest.php" line="201" class="RaceModelTest" classname="RaceModelTest" assertions="0" time="0.000347">
          <skipped/>
        </testcase>
        <testcase name="testNomExistsExcludingSelf" file="/Users/njalibert/Downloads/AnimaLineage/backend/tests/Unit/RaceModelTest.php" line="207" class="RaceModelTest" classname="RaceModelTest" assertions="0" time="0.000341">
          <skipped/>
        </testcase>
        <testcase name="testConstructor" file="/Users/njalibert/Downloads/AnimaLineage/backend/tests/Unit/RaceModelTest.php" line="77" class="RaceModelTest" classname="RaceModelTest" assertions="1" time="0.000329"/>
        <testcase name="testRaceProperties" file="/Users/njalibert/Downloads/AnimaLineage/backend/tests/Unit/RaceModelTest.php" line="82" class="RaceModelTest" classname="RaceModelTest" assertions="3" time="0.000321"/>
        <testcase name="testGetAll" file="/Users/njalibert/Downloads/AnimaLineage/backend/tests/Unit/RaceModelTest.php" line="93" class="RaceModelTest" classname="RaceModelTest" assertions="4" time="0.000340"/>
        <testcase name="testGetByType" file="/Users/njalibert/Downloads/AnimaLineage/backend/tests/Unit/RaceModelTest.php" line="107" class="RaceModelTest" classname="RaceModelTest" assertions="4" time="0.000331"/>
        <testcase name="testGetByTypeInvalid" file="/Users/njalibert/Downloads/AnimaLineage/backend/tests/Unit/RaceModelTest.php" line="121" class="RaceModelTest" classname="RaceModelTest" assertions="1" time="0.000328"/>
        <testcase name="testGetById" file="/Users/njalibert/Downloads/AnimaLineage/backend/tests/Unit/RaceModelTest.php" line="128" class="RaceModelTest" classname="RaceModelTest" assertions="4" time="0.000330"/>
        <testcase name="testGetByIdInvalid" file="/Users/njalibert/Downloads/AnimaLineage/backend/tests/Unit/RaceModelTest.php" line="137" class="RaceModelTest" classname="RaceModelTest" assertions="1" time="0.000325"/>
        <testcase name="testCreate" file="/Users/njalibert/Downloads/AnimaLineage/backend/tests/Unit/RaceModelTest.php" line="143" class="RaceModelTest" classname="RaceModelTest" assertions="4" time="0.000348"/>
        <testcase name="testUpdate" file="/Users/njalibert/Downloads/AnimaLineage/backend/tests/Unit/RaceModelTest.php" line="174" class="RaceModelTest" classname="RaceModelTest" assertions="3" time="0.000337"/>
        <testcase name="testDelete" file="/Users/njalibert/Downloads/AnimaLineage/backend/tests/Unit/RaceModelTest.php" line="190" class="RaceModelTest" classname="RaceModelTest" assertions="2" time="0.000528"/>
        <testcase name="testDataSanitization" file="/Users/njalibert/Downloads/AnimaLineage/backend/tests/Unit/RaceModelTest.php" line="213" class="RaceModelTest" classname="RaceModelTest" assertions="3" time="0.000327"/>
        <testcase name="testForeignKeyRelationship" file="/Users/njalibert/Downloads/AnimaLineage/backend/tests/Unit/RaceModelTest.php" line="227" class="RaceModelTest" classname="RaceModelTest" assertions="3" time="0.000311"/>
        <testcase name="testGetAllSorting" file="/Users/njalibert/Downloads/AnimaLineage/backend/tests/Unit/RaceModelTest.php" line="241" class="RaceModelTest" classname="RaceModelTest" assertions="4" time="0.000304"/>
        <testcase name="testGetByTypeSorting" file="/Users/njalibert/Downloads/AnimaLineage/backend/tests/Unit/RaceModelTest.php" line="253" class="RaceModelTest" classname="RaceModelTest" assertions="2" time="0.000298"/>
        <testcase name="testDatabaseConnection" file="/Users/njalibert/Downloads/AnimaLineage/backend/tests/Unit/RaceModelTest.php" line="263" class="RaceModelTest" classname="RaceModelTest" assertions="2" time="0.000284"/>
        <testcase name="testTableStructure" file="/Users/njalibert/Downloads/AnimaLineage/backend/tests/Unit/RaceModelTest.php" line="269" class="RaceModelTest" classname="RaceModelTest" assertions="2" time="0.000292"/>
        <testcase name="testQueryExecution" file="/Users/njalibert/Downloads/AnimaLineage/backend/tests/Unit/RaceModelTest.php" line="279" class="RaceModelTest" classname="RaceModelTest" assertions="1" time="0.000290"/>
      </testsuite>
      <testsuite name="TypeAnimalModelTest" file="/Users/njalibert/Downloads/AnimaLineage/backend/tests/Unit/TypeAnimalModelTest.php" tests="22" assertions="48" errors="0" failures="0" skipped="2" time="0.010053">
        <testcase name="testRequiredFields" file="/Users/njalibert/Downloads/AnimaLineage/backend/tests/Unit/TypeAnimalModelTest.php" line="229" class="TypeAnimalModelTest" classname="TypeAnimalModelTest" assertions="1" time="0.000317"/>
        <testcase name="testEmptyDescription" file="/Users/njalibert/Downloads/AnimaLineage/backend/tests/Unit/TypeAnimalModelTest.php" line="297" class="TypeAnimalModelTest" classname="TypeAnimalModelTest" assertions="3" time="0.000316"/>
        <testcase name="testNomExists" file="/Users/njalibert/Downloads/AnimaLineage/backend/tests/Unit/TypeAnimalModelTest.php" line="173" class="TypeAnimalModelTest" classname="TypeAnimalModelTest" assertions="0" time="0.000320">
          <skipped/>
        </testcase>
        <testcase name="testUniqueConstraint" file="/Users/njalibert/Downloads/AnimaLineage/backend/tests/Unit/TypeAnimalModelTest.php" line="239" class="TypeAnimalModelTest" classname="TypeAnimalModelTest" assertions="0" time="0.000314">
          <skipped/>
        </testcase>
        <testcase name="testConstructor" file="/Users/njalibert/Downloads/AnimaLineage/backend/tests/Unit/TypeAnimalModelTest.php" line="77" class="TypeAnimalModelTest" classname="TypeAnimalModelTest" assertions="1" time="0.000334"/>
        <testcase name="testTypeAnimalProperties" file="/Users/njalibert/Downloads/AnimaLineage/backend/tests/Unit/TypeAnimalModelTest.php" line="82" class="TypeAnimalModelTest" classname="TypeAnimalModelTest" assertions="2" time="0.000295"/>
        <testcase name="testGetAll" file="/Users/njalibert/Downloads/AnimaLineage/backend/tests/Unit/TypeAnimalModelTest.php" line="91" class="TypeAnimalModelTest" classname="TypeAnimalModelTest" assertions="5" time="0.000307"/>
        <testcase name="testGetById" file="/Users/njalibert/Downloads/AnimaLineage/backend/tests/Unit/TypeAnimalModelTest.php" line="105" class="TypeAnimalModelTest" classname="TypeAnimalModelTest" assertions="3" time="0.000416"/>
        <testcase name="testGetByIdInvalid" file="/Users/njalibert/Downloads/AnimaLineage/backend/tests/Unit/TypeAnimalModelTest.php" line="113" class="TypeAnimalModelTest" classname="TypeAnimalModelTest" assertions="1" time="0.000424"/>
        <testcase name="testCreate" file="/Users/njalibert/Downloads/AnimaLineage/backend/tests/Unit/TypeAnimalModelTest.php" line="119" class="TypeAnimalModelTest" classname="TypeAnimalModelTest" assertions="4" time="0.000426"/>
        <testcase name="testCreateWithoutDescription" file="/Users/njalibert/Downloads/AnimaLineage/backend/tests/Unit/TypeAnimalModelTest.php" line="134" class="TypeAnimalModelTest" classname="TypeAnimalModelTest" assertions="3" time="0.000406"/>
        <testcase name="testUpdate" file="/Users/njalibert/Downloads/AnimaLineage/backend/tests/Unit/TypeAnimalModelTest.php" line="147" class="TypeAnimalModelTest" classname="TypeAnimalModelTest" assertions="3" time="0.000405"/>
        <testcase name="testDelete" file="/Users/njalibert/Downloads/AnimaLineage/backend/tests/Unit/TypeAnimalModelTest.php" line="162" class="TypeAnimalModelTest" classname="TypeAnimalModelTest" assertions="2" time="0.000368"/>
        <testcase name="testGetRaces" file="/Users/njalibert/Downloads/AnimaLineage/backend/tests/Unit/TypeAnimalModelTest.php" line="179" class="TypeAnimalModelTest" classname="TypeAnimalModelTest" assertions="4" time="0.000489"/>
        <testcase name="testGetRacesEmpty" file="/Users/njalibert/Downloads/AnimaLineage/backend/tests/Unit/TypeAnimalModelTest.php" line="193" class="TypeAnimalModelTest" classname="TypeAnimalModelTest" assertions="1" time="0.001061"/>
        <testcase name="testGetRacesSorting" file="/Users/njalibert/Downloads/AnimaLineage/backend/tests/Unit/TypeAnimalModelTest.php" line="205" class="TypeAnimalModelTest" classname="TypeAnimalModelTest" assertions="2" time="0.000932"/>
        <testcase name="testDataSanitization" file="/Users/njalibert/Downloads/AnimaLineage/backend/tests/Unit/TypeAnimalModelTest.php" line="216" class="TypeAnimalModelTest" classname="TypeAnimalModelTest" assertions="3" time="0.000695"/>
        <testcase name="testForeignKeyRelationship" file="/Users/njalibert/Downloads/AnimaLineage/backend/tests/Unit/TypeAnimalModelTest.php" line="245" class="TypeAnimalModelTest" classname="TypeAnimalModelTest" assertions="3" time="0.000447"/>
        <testcase name="testDatabaseConnection" file="/Users/njalibert/Downloads/AnimaLineage/backend/tests/Unit/TypeAnimalModelTest.php" line="257" class="TypeAnimalModelTest" classname="TypeAnimalModelTest" assertions="2" time="0.000438"/>
        <testcase name="testTableStructure" file="/Users/njalibert/Downloads/AnimaLineage/backend/tests/Unit/TypeAnimalModelTest.php" line="263" class="TypeAnimalModelTest" classname="TypeAnimalModelTest" assertions="2" time="0.000452"/>
        <testcase name="testQueryExecution" file="/Users/njalibert/Downloads/AnimaLineage/backend/tests/Unit/TypeAnimalModelTest.php" line="273" class="TypeAnimalModelTest" classname="TypeAnimalModelTest" assertions="1" time="0.000472"/>
        <testcase name="testGetAllSorting" file="/Users/njalibert/Downloads/AnimaLineage/backend/tests/Unit/TypeAnimalModelTest.php" line="282" class="TypeAnimalModelTest" classname="TypeAnimalModelTest" assertions="2" time="0.000420"/>
      </testsuite>
      <testsuite name="BasicTest" file="/Users/njalibert/Downloads/AnimaLineage/backend/tests/Unit/BasicTest.php" tests="5" assertions="10" errors="0" failures="0" skipped="0" time="0.007701">
        <testcase name="testPHPVersion" file="/Users/njalibert/Downloads/AnimaLineage/backend/tests/Unit/BasicTest.php" line="10" class="BasicTest" classname="BasicTest" assertions="2" time="0.005292"/>
        <testcase name="testEnvironmentVariables" file="/Users/njalibert/Downloads/AnimaLineage/backend/tests/Unit/BasicTest.php" line="15" class="BasicTest" classname="BasicTest" assertions="3" time="0.000332"/>
        <testcase name="testAutoloader" file="/Users/njalibert/Downloads/AnimaLineage/backend/tests/Unit/BasicTest.php" line="22" class="BasicTest" classname="BasicTest" assertions="1" time="0.000332"/>
        <testcase name="testDatabaseConnection" file="/Users/njalibert/Downloads/AnimaLineage/backend/tests/Unit/BasicTest.php" line="27" class="BasicTest" classname="BasicTest" assertions="1" time="0.000383"/>
        <testcase name="testJWTSecret" file="/Users/njalibert/Downloads/AnimaLineage/backend/tests/Unit/BasicTest.php" line="37" class="BasicTest" classname="BasicTest" assertions="3" time="0.001362"/>
      </testsuite>
      <testsuite name="ElevageFilteringTest" file="/Users/njalibert/Downloads/AnimaLineage/backend/tests/Unit/ElevageFilteringTest.php" tests="4" assertions="19" errors="0" failures="0" skipped="0" time="0.002625">
        <testcase name="testGetElevagesForUserMethod" file="/Users/njalibert/Downloads/AnimaLineage/backend/tests/Unit/ElevageFilteringTest.php" line="138" class="ElevageFilteringTest" classname="ElevageFilteringTest" assertions="5" time="0.000748"/>
        <testcase name="testGetElevagesForRegularUser" file="/Users/njalibert/Downloads/AnimaLineage/backend/tests/Unit/ElevageFilteringTest.php" line="162" class="ElevageFilteringTest" classname="ElevageFilteringTest" assertions="5" time="0.000647"/>
        <testcase name="testGetElevagesForUserWithoutCollaboration" file="/Users/njalibert/Downloads/AnimaLineage/backend/tests/Unit/ElevageFilteringTest.php" line="185" class="ElevageFilteringTest" classname="ElevageFilteringTest" assertions="5" time="0.000622"/>
        <testcase name="testQueryStructure" file="/Users/njalibert/Downloads/AnimaLineage/backend/tests/Unit/ElevageFilteringTest.php" line="207" class="ElevageFilteringTest" classname="ElevageFilteringTest" assertions="4" time="0.000609"/>
      </testsuite>
      <testsuite name="TransferRequestModelTest" file="/Users/njalibert/Downloads/AnimaLineage/backend/tests/Unit/TransferRequestModelTest.php" tests="17" assertions="45" errors="0" failures="0" skipped="0" time="0.011783">
        <testcase name="testConstructor" file="/Users/njalibert/Downloads/AnimaLineage/backend/tests/Unit/TransferRequestModelTest.php" line="114" class="TransferRequestModelTest" classname="TransferRequestModelTest" assertions="1" time="0.000526"/>
        <testcase name="testTableCreation" file="/Users/njalibert/Downloads/AnimaLineage/backend/tests/Unit/TransferRequestModelTest.php" line="119" class="TransferRequestModelTest" classname="TransferRequestModelTest" assertions="2" time="0.000514"/>
        <testcase name="testTransferRequestProperties" file="/Users/njalibert/Downloads/AnimaLineage/backend/tests/Unit/TransferRequestModelTest.php" line="129" class="TransferRequestModelTest" classname="TransferRequestModelTest" assertions="5" time="0.000512"/>
        <testcase name="testCreate" file="/Users/njalibert/Downloads/AnimaLineage/backend/tests/Unit/TransferRequestModelTest.php" line="144" class="TransferRequestModelTest" classname="TransferRequestModelTest" assertions="5" time="0.000537"/>
        <testcase name="testCreateWithNullFromElevage" file="/Users/njalibert/Downloads/AnimaLineage/backend/tests/Unit/TransferRequestModelTest.php" line="163" class="TransferRequestModelTest" classname="TransferRequestModelTest" assertions="3" time="0.000529"/>
        <testcase name="testGetById" file="/Users/njalibert/Downloads/AnimaLineage/backend/tests/Unit/TransferRequestModelTest.php" line="180" class="TransferRequestModelTest" classname="TransferRequestModelTest" assertions="6" time="0.000519"/>
        <testcase name="testGetByIdInvalid" file="/Users/njalibert/Downloads/AnimaLineage/backend/tests/Unit/TransferRequestModelTest.php" line="200" class="TransferRequestModelTest" classname="TransferRequestModelTest" assertions="1" time="0.000687"/>
        <testcase name="testGetByUserAsAdmin" file="/Users/njalibert/Downloads/AnimaLineage/backend/tests/Unit/TransferRequestModelTest.php" line="206" class="TransferRequestModelTest" classname="TransferRequestModelTest" assertions="1" time="0.000844"/>
        <testcase name="testGetByUserAsModerator" file="/Users/njalibert/Downloads/AnimaLineage/backend/tests/Unit/TransferRequestModelTest.php" line="218" class="TransferRequestModelTest" classname="TransferRequestModelTest" assertions="1" time="0.000854"/>
        <testcase name="testProcess" file="/Users/njalibert/Downloads/AnimaLineage/backend/tests/Unit/TransferRequestModelTest.php" line="230" class="TransferRequestModelTest" classname="TransferRequestModelTest" assertions="4" time="0.000793"/>
        <testcase name="testProcessReject" file="/Users/njalibert/Downloads/AnimaLineage/backend/tests/Unit/TransferRequestModelTest.php" line="253" class="TransferRequestModelTest" classname="TransferRequestModelTest" assertions="3" time="0.000795"/>
        <testcase name="testSimilarRequestExists" file="/Users/njalibert/Downloads/AnimaLineage/backend/tests/Unit/TransferRequestModelTest.php" line="275" class="TransferRequestModelTest" classname="TransferRequestModelTest" assertions="3" time="0.000790"/>
        <testcase name="testSimilarRequestExistsProcessed" file="/Users/njalibert/Downloads/AnimaLineage/backend/tests/Unit/TransferRequestModelTest.php" line="298" class="TransferRequestModelTest" classname="TransferRequestModelTest" assertions="1" time="0.000770"/>
        <testcase name="testDefaultStatus" file="/Users/njalibert/Downloads/AnimaLineage/backend/tests/Unit/TransferRequestModelTest.php" line="316" class="TransferRequestModelTest" classname="TransferRequestModelTest" assertions="1" time="0.000870"/>
        <testcase name="testForeignKeyRelationships" file="/Users/njalibert/Downloads/AnimaLineage/backend/tests/Unit/TransferRequestModelTest.php" line="329" class="TransferRequestModelTest" classname="TransferRequestModelTest" assertions="5" time="0.000790"/>
        <testcase name="testDatabaseConnection" file="/Users/njalibert/Downloads/AnimaLineage/backend/tests/Unit/TransferRequestModelTest.php" line="348" class="TransferRequestModelTest" classname="TransferRequestModelTest" assertions="2" time="0.000722"/>
        <testcase name="testQueryExecution" file="/Users/njalibert/Downloads/AnimaLineage/backend/tests/Unit/TransferRequestModelTest.php" line="354" class="TransferRequestModelTest" classname="TransferRequestModelTest" assertions="1" time="0.000732"/>
      </testsuite>
      <testsuite name="UserModelTest" file="/Users/njalibert/Downloads/AnimaLineage/backend/tests/Unit/UserModelTest.php" tests="5" assertions="12" errors="0" failures="0" skipped="0" time="0.449664">
        <testcase name="testUserTableCreation" file="/Users/njalibert/Downloads/AnimaLineage/backend/tests/Unit/UserModelTest.php" line="35" class="UserModelTest" classname="UserModelTest" assertions="2" time="0.000579"/>
        <testcase name="testUserConstants" file="/Users/njalibert/Downloads/AnimaLineage/backend/tests/Unit/UserModelTest.php" line="45" class="UserModelTest" classname="UserModelTest" assertions="3" time="0.000557"/>
        <testcase name="testUserProperties" file="/Users/njalibert/Downloads/AnimaLineage/backend/tests/Unit/UserModelTest.php" line="52" class="UserModelTest" classname="UserModelTest" assertions="3" time="0.000538"/>
        <testcase name="testDatabaseConnection" file="/Users/njalibert/Downloads/AnimaLineage/backend/tests/Unit/UserModelTest.php" line="63" class="UserModelTest" classname="UserModelTest" assertions="2" time="0.000561"/>
        <testcase name="testPasswordHashing" file="/Users/njalibert/Downloads/AnimaLineage/backend/tests/Unit/UserModelTest.php" line="69" class="UserModelTest" classname="UserModelTest" assertions="2" time="0.447429"/>
      </testsuite>
    </testsuite>
    <testsuite name="Integration" tests="12" assertions="51" errors="0" failures="0" skipped="0" time="1.012796">
      <testsuite name="APIHealthTest" file="/Users/njalibert/Downloads/AnimaLineage/backend/tests/Integration/APIHealthTest.php" tests="5" assertions="9" errors="0" failures="0" skipped="0" time="0.002189">
        <testcase name="testRootEndpointStructure" file="/Users/njalibert/Downloads/AnimaLineage/backend/tests/Integration/APIHealthTest.php" line="10" class="APIHealthTest" classname="APIHealthTest" assertions="2" time="0.000471"/>
        <testcase name="testJWTConfiguration" file="/Users/njalibert/Downloads/AnimaLineage/backend/tests/Integration/APIHealthTest.php" line="17" class="APIHealthTest" classname="APIHealthTest" assertions="2" time="0.000426"/>
        <testcase name="testDatabaseConfiguration" file="/Users/njalibert/Downloads/AnimaLineage/backend/tests/Integration/APIHealthTest.php" line="23" class="APIHealthTest" classname="APIHealthTest" assertions="2" time="0.000453"/>
        <testcase name="testErrorHandling" file="/Users/njalibert/Downloads/AnimaLineage/backend/tests/Integration/APIHealthTest.php" line="29" class="APIHealthTest" classname="APIHealthTest" assertions="1" time="0.000414"/>
        <testcase name="testEnvironmentSeparation" file="/Users/njalibert/Downloads/AnimaLineage/backend/tests/Integration/APIHealthTest.php" line="35" class="APIHealthTest" classname="APIHealthTest" assertions="2" time="0.000423"/>
      </testsuite>
      <testsuite name="AuthMiddlewareIntegrationTest" file="/Users/njalibert/Downloads/AnimaLineage/backend/tests/Integration/AuthMiddlewareIntegrationTest.php" tests="7" assertions="42" errors="0" failures="0" skipped="0" time="1.010608">
        <testcase name="testFullAuthenticationWorkflow" file="/Users/njalibert/Downloads/AnimaLineage/backend/tests/Integration/AuthMiddlewareIntegrationTest.php" line="62" class="AuthMiddlewareIntegrationTest" classname="AuthMiddlewareIntegrationTest" assertions="8" time="0.000667"/>
        <testcase name="testRoleBasedAccessControl" file="/Users/njalibert/Downloads/AnimaLineage/backend/tests/Integration/AuthMiddlewareIntegrationTest.php" line="112" class="AuthMiddlewareIntegrationTest" classname="AuthMiddlewareIntegrationTest" assertions="9" time="0.000592"/>
        <testcase name="testInvalidAuthorizationHeaders" file="/Users/njalibert/Downloads/AnimaLineage/backend/tests/Integration/AuthMiddlewareIntegrationTest.php" line="137" class="AuthMiddlewareIntegrationTest" classname="AuthMiddlewareIntegrationTest" assertions="4" time="0.000473"/>
        <testcase name="testGetCurrentUser" file="/Users/njalibert/Downloads/AnimaLineage/backend/tests/Integration/AuthMiddlewareIntegrationTest.php" line="156" class="AuthMiddlewareIntegrationTest" classname="AuthMiddlewareIntegrationTest" assertions="3" time="0.000479"/>
        <testcase name="testRoleManagementScenarios" file="/Users/njalibert/Downloads/AnimaLineage/backend/tests/Integration/AuthMiddlewareIntegrationTest.php" line="172" class="AuthMiddlewareIntegrationTest" classname="AuthMiddlewareIntegrationTest" assertions="9" time="0.000394"/>
        <testcase name="testSecurityEdgeCases" file="/Users/njalibert/Downloads/AnimaLineage/backend/tests/Integration/AuthMiddlewareIntegrationTest.php" line="190" class="AuthMiddlewareIntegrationTest" classname="AuthMiddlewareIntegrationTest" assertions="4" time="0.001780"/>
        <testcase name="testTokenRefreshWorkflow" file="/Users/njalibert/Downloads/AnimaLineage/backend/tests/Integration/AuthMiddlewareIntegrationTest.php" line="87" class="AuthMiddlewareIntegrationTest" classname="AuthMiddlewareIntegrationTest" assertions="5" time="1.006222"/>
      </testsuite>
    </testsuite>
  </testsuite>
</testsuites>
